[0.015s] Invoking command in '/home/william/√Årea de Trabalho/workspace/build/test': CMAKE_PREFIX_PATH=/opt/ros/foxy:${CMAKE_PREFIX_PATH} /usr/local/bin/cmake --build /home/william/√Årea de Trabalho/workspace/build/test -- -j6 -l6
[0.029s] [35m[1mConsolidate compiler generated dependencies of target turtle[0m
[0.037s] [ 33%] Built target publisher
[0.039s] [ 66%] [32mBuilding CXX object CMakeFiles/turtle.dir/src/turtle.cpp.o[0m
[0.039s] [ 83%] Built target subscriber
[1.013s] [01m[K/home/william/√Årea de Trabalho/workspace/src/test/src/turtle.cpp:[m[K In constructor ‚Äò[01m[KTurtle::Turtle()[m[K‚Äô:
[1.013s] [01m[K/home/william/√Årea de Trabalho/workspace/src/test/src/turtle.cpp:25:13:[m[K [01;31m[Kerror: [m[K‚Äò[01m[Ksubscription[m[K‚Äô was not declared in this scope; did you mean ‚Äò[01m[Ksubscription_[m[K‚Äô?
[1.013s]    25 |             [01;31m[Ksubscription[m[K = this->create_subscription<turtlesim::msg::Pose>("turtle1/pose",10, std::bind(&MinimalSubscriber::topic_callback, this, _1));
[1.014s]       |             [01;31m[K^~~~~~~~~~~~[m[K
[1.014s]       |             [32m[Ksubscription_[m[K
[1.014s] [01m[K/home/william/√Årea de Trabalho/workspace/src/test/src/turtle.cpp:25:106:[m[K [01;31m[Kerror: [m[K‚Äò[01m[KMinimalSubscriber[m[K‚Äô has not been declared
[1.014s]    25 |             subscription = this->create_subscription<turtlesim::msg::Pose>("turtle1/pose",10, std::bind(&[01;31m[KMinimalSubscriber[m[K::topic_callback, this, _1));
[1.014s]       |                                                                                                          [01;31m[K^~~~~~~~~~~~~~~~~[m[K
[1.014s] [01m[K/home/william/√Årea de Trabalho/workspace/src/test/src/turtle.cpp:25:147:[m[K [01;31m[Kerror: [m[K‚Äò[01m[K_1[m[K‚Äô was not declared in this scope; did you mean ‚Äò[01m[Kstd::placeholders::_1[m[K‚Äô?
[1.014s]    25 |             subscription = this->create_subscription<turtlesim::msg::Pose>("turtle1/pose",10, std::bind(&MinimalSubscriber::topic_callback, this, [01;31m[K_1[m[K));
[1.014s]       |                                                                                                                                                   [01;31m[K^~[m[K
[1.014s]       |                                                                                                                                                   [32m[Kstd::placeholders::_1[m[K
[1.014s] In file included from [01m[K/home/william/√Årea de Trabalho/workspace/src/test/src/turtle.cpp:3[m[K:
[1.014s] [01m[K/usr/include/c++/9/functional:211:34:[m[K [01;36m[Knote: [m[K‚Äò[01m[Kstd::placeholders::_1[m[K‚Äô declared here
[1.014s]   211 |     extern const _Placeholder<1> [01;36m[K_1[m[K;
[1.014s]       |                                  [01;36m[K^~[m[K
[1.014s] [01m[K/home/william/√Årea de Trabalho/workspace/src/test/src/turtle.cpp:26:72:[m[K [01;31m[Kerror: [m[K‚Äò[01m[Kpublish[m[K‚Äô is not a member of ‚Äò[01m[KTurtle[m[K‚Äô
[1.014s]    26 |             timer_ = this->create_wall_timer(500ms, std::bind(&Turtle::[01;31m[Kpublish[m[K, this));
[1.014s]       |                                                                        [01;31m[K^~~~~~~[m[K
[1.300s] make[2]: *** [CMakeFiles/turtle.dir/build.make:76: CMakeFiles/turtle.dir/src/turtle.cpp.o] Error 1
[1.301s] make[1]: *** [CMakeFiles/Makefile2:141: CMakeFiles/turtle.dir/all] Error 2
[1.301s] make: *** [Makefile:146: all] Error 2
[1.302s] Invoked command in '/home/william/√Årea de Trabalho/workspace/build/test' returned '2': CMAKE_PREFIX_PATH=/opt/ros/foxy:${CMAKE_PREFIX_PATH} /usr/local/bin/cmake --build /home/william/√Årea de Trabalho/workspace/build/test -- -j6 -l6
