[0.021s] Invoking command in '/home/william/√Årea de Trabalho/workspace/build/test': CMAKE_PREFIX_PATH=${CMAKE_PREFIX_PATH}:/opt/ros/foxy /usr/local/bin/cmake --build /home/william/√Årea de Trabalho/workspace/build/test -- -j6 -l6
[0.036s] [35m[1mConsolidate compiler generated dependencies of target teste[0m
[0.044s] [ 50%] [32mBuilding CXX object CMakeFiles/teste.dir/src/teste.cpp.o[0m
[1.059s] [01m[K/home/william/√Årea de Trabalho/workspace/src/test/src/teste.cpp:[m[K In constructor ‚Äò[01m[KMinimalPublisher::MinimalPublisher()[m[K‚Äô:
[1.059s] [01m[K/home/william/√Årea de Trabalho/workspace/src/test/src/teste.cpp:17:46:[m[K [01;31m[Kerror: [m[Kunable to find numeric literal operator ‚Äò[01m[Koperator""ms[m[K‚Äô
[1.059s]    17 |             timer_ = this->create_wall_timer([01;31m[K500ms[m[K, std::bind(&MinimalPublisher::publish, this));
[1.059s]       |                                              [01;31m[K^~~~~[m[K
[1.726s] make[2]: *** [CMakeFiles/teste.dir/build.make:76: CMakeFiles/teste.dir/src/teste.cpp.o] Erro 1
[1.726s] make[1]: *** [CMakeFiles/Makefile2:137: CMakeFiles/teste.dir/all] Erro 2
[1.727s] make: *** [Makefile:146: all] Erro 2
[1.727s] Invoked command in '/home/william/√Årea de Trabalho/workspace/build/test' returned '2': CMAKE_PREFIX_PATH=${CMAKE_PREFIX_PATH}:/opt/ros/foxy /usr/local/bin/cmake --build /home/william/√Årea de Trabalho/workspace/build/test -- -j6 -l6
