[0.015s] Invoking command in '/home/william/√Årea de Trabalho/workspace/build/test': CMAKE_PREFIX_PATH=/opt/ros/foxy:${CMAKE_PREFIX_PATH} /usr/local/bin/cmake --build /home/william/√Årea de Trabalho/workspace/build/test -- -j6 -l6
[0.030s] -- Found ament_cmake: 0.9.9 (/opt/ros/foxy/share/ament_cmake/cmake)
[0.065s] -- Using PYTHON_EXECUTABLE: /usr/bin/python3
[0.268s] -- Found rclcpp: 2.4.1 (/opt/ros/foxy/share/rclcpp/cmake)
[0.313s] -- Using all available rosidl_typesupport_c: rosidl_typesupport_fastrtps_c;rosidl_typesupport_introspection_c
[0.318s] -- Found rosidl_adapter: 1.2.1 (/opt/ros/foxy/share/rosidl_adapter/cmake)
[0.422s] -- Using all available rosidl_typesupport_cpp: rosidl_typesupport_fastrtps_cpp;rosidl_typesupport_introspection_cpp
[0.474s] -- Found rmw_implementation_cmake: 1.0.3 (/opt/ros/foxy/share/rmw_implementation_cmake/cmake)
[0.476s] -- Using RMW implementation 'rmw_fastrtps_cpp' as default
[0.605s] -- Found ament_lint_auto: 0.9.6 (/opt/ros/foxy/share/ament_lint_auto/cmake)
[0.669s] -- Added test 'copyright' to check source files copyright and LICENSE
[0.670s] -- Added test 'cppcheck' to perform static code analysis on C / C++ code
[0.670s] -- Configured cppcheck include dirs: 
[0.671s] -- Configured cppcheck exclude dirs and/or files: 
[0.671s] -- Added test 'cpplint' to check C / C++ code against the Google style
[0.671s] -- Configured cpplint exclude dirs and/or files: 
[0.672s] -- Added test 'lint_cmake' to check CMake code style
[0.673s] -- Added test 'uncrustify' to check C / C++ code style
[0.673s] -- Configured uncrustify additional arguments: 
[0.673s] -- Added test 'xmllint' to check XML markup files
[0.675s] -- Configuring done
[0.689s] -- Generating done
[0.690s] -- Build files have been written to: /home/william/√Årea de Trabalho/workspace/build/test
[0.699s] [35m[1mConsolidate compiler generated dependencies of target subscriber[0m
[0.699s] [35m[1mConsolidate compiler generated dependencies of target publisher[0m
[0.701s] [ 16%] [32mBuilding CXX object CMakeFiles/turtle.dir/src/turtle.cpp.o[0m
[0.707s] [ 50%] Built target subscriber
[0.707s] [ 83%] Built target publisher
[0.965s] [01m[K/home/william/√Årea de Trabalho/workspace/src/test/src/turtle.cpp:7:10:[m[K [01;31m[Kfatal error: [m[Kturtlesim/msg/Pose.hpp: No such file or directory
[0.965s]     7 | #include [01;31m[K"turtlesim/msg/Pose.hpp"[m[K
[0.965s]       |          [01;31m[K^~~~~~~~~~~~~~~~~~~~~~~~[m[K
[0.965s] compilation terminated.
[0.968s] make[2]: *** [CMakeFiles/turtle.dir/build.make:76: CMakeFiles/turtle.dir/src/turtle.cpp.o] Error 1
[0.969s] make[1]: *** [CMakeFiles/Makefile2:141: CMakeFiles/turtle.dir/all] Error 2
[0.969s] make: *** [Makefile:146: all] Error 2
[0.970s] Invoked command in '/home/william/√Årea de Trabalho/workspace/build/test' returned '2': CMAKE_PREFIX_PATH=/opt/ros/foxy:${CMAKE_PREFIX_PATH} /usr/local/bin/cmake --build /home/william/√Årea de Trabalho/workspace/build/test -- -j6 -l6
