[0.015s] Invoking command in '/home/william/√Årea de Trabalho/workspace/build/test': CMAKE_PREFIX_PATH=/opt/ros/foxy:${CMAKE_PREFIX_PATH} /usr/local/bin/cmake --build /home/william/√Årea de Trabalho/workspace/build/test -- -j6 -l6
[0.034s] [35m[1mConsolidate compiler generated dependencies of target turtle_move[0m
[0.045s] [ 16%] [32mBuilding CXX object CMakeFiles/turtle_move.dir/src/turtle_move.cpp.o[0m
[0.048s] [ 50%] Built target publisher
[0.048s] [ 83%] Built target subscriber
[1.021s] [01m[K/home/william/√Årea de Trabalho/workspace/src/test/src/turtle_move.cpp:13:51:[m[K [01;31m[Kerror: [m[Ktemplate argument 1 is invalid
[1.021s]    13 |         rclcpp::Publisher<geometry_msgs::msg:Twist[01;31m[K>[m[K::SharedPtr pub;
[1.021s]       |                                                   [01;31m[K^[m[K
[1.021s] [01m[K/home/william/√Årea de Trabalho/workspace/src/test/src/turtle_move.cpp:13:54:[m[K [01;31m[Kerror: [m[Kexpected ‚Äò[01m[K;[m[K‚Äô at end of member declaration
[1.021s]    13 |         rclcpp::Publisher<geometry_msgs::msg:Twist>::[01;31m[KSharedPtr[m[K pub;
[1.021s]       |                                                      [01;31m[K^~~~~~~~~[m[K
[1.021s]       |                                                               [32m[K;[m[K
[1.022s] [01m[K/home/william/√Årea de Trabalho/workspace/src/test/src/turtle_move.cpp:13:64:[m[K [01;31m[Kerror: [m[K‚Äò[01m[Kpub[m[K‚Äô does not name a type
[1.022s]    13 |         rclcpp::Publisher<geometry_msgs::msg:Twist>::SharedPtr [01;31m[Kpub[m[K;
[1.022s]       |                                                                [01;31m[K^~~[m[K
[1.022s] [01m[K/home/william/√Årea de Trabalho/workspace/src/test/src/turtle_move.cpp:16:16:[m[K [01;31m[Kerror: [m[KISO C++ forbids declaration of ‚Äò[01m[KTurtle[m[K‚Äô with no type [[01;31m[K-fpermissive[m[K]
[1.022s]    16 |         Turtle([01;31m[K)[m[K
[1.022s]       |                [01;31m[K^[m[K
[1.022s] [01m[K/home/william/√Årea de Trabalho/workspace/src/test/src/turtle_move.cpp:[m[K In member function ‚Äò[01m[Kint TurtleMove::Turtle()[m[K‚Äô:
[1.022s] [01m[K/home/william/√Årea de Trabalho/workspace/src/test/src/turtle_move.cpp:17:11:[m[K [01;31m[Kerror: [m[Konly constructors take member initializers
[1.022s]    17 |         : [01;31m[KNode[m[K("turtle_move"){
[1.022s]       |           [01;31m[K^~~~[m[K
[1.023s] [01m[K/home/william/√Årea de Trabalho/workspace/src/test/src/turtle_move.cpp:18:13:[m[K [01;31m[Kerror: [m[K‚Äò[01m[Kpub[m[K‚Äô was not declared in this scope
[1.023s]    18 |             [01;31m[Kpub[m[K = this->create_publisher<geometry_msgs::msg::Twist>("/turtle1/cmd_vel",10);
[1.023s]       |             [01;31m[K^~~[m[K
[1.034s] [01m[K/home/william/√Årea de Trabalho/workspace/src/test/src/turtle_move.cpp:20:9:[m[K [01;35m[Kwarning: [m[Kno return statement in function returning non-void [[01;35m[K-Wreturn-type[m[K]
[1.034s]    20 |         [01;35m[K}[m[K
[1.034s]       |         [01;35m[K^[m[K
[1.034s] [01m[K/home/william/√Årea de Trabalho/workspace/src/test/src/turtle_move.cpp:[m[K In member function ‚Äò[01m[Kvoid TurtleMove::publish()[m[K‚Äô:
[1.035s] [01m[K/home/william/√Årea de Trabalho/workspace/src/test/src/turtle_move.cpp:24:14:[m[K [01;31m[Kerror: [m[Kbase operand of ‚Äò[01m[K->[m[K‚Äô has non-pointer type ‚Äò[01m[Kgeometry_msgs::msg::Twist[m[K‚Äô {aka ‚Äò[01m[Kgeometry_msgs::msg::Twist_<std::allocator<void> >[m[K‚Äô}
[1.035s]    24 |           msg[01;31m[K->[m[Klinear.x = 1;
[1.035s]       |              [01;31m[K^~[m[K
[1.035s] [01m[K/home/william/√Årea de Trabalho/workspace/src/test/src/turtle_move.cpp:26:11:[m[K [01;31m[Kerror: [m[K‚Äò[01m[Kpub[m[K‚Äô was not declared in this scope
[1.035s]    26 |           [01;31m[Kpub[m[K->publish(msg);
[1.036s]       |           [01;31m[K^~~[m[K
[1.325s] In file included from [01m[K/usr/include/x86_64-linux-gnu/c++/9/bits/c++allocator.h:33[m[K,
[1.325s]                  from [01m[K/usr/include/c++/9/bits/allocator.h:46[m[K,
[1.326s]                  from [01m[K/usr/include/c++/9/string:41[m[K,
[1.326s]                  from [01m[K/usr/include/c++/9/bits/locale_classes.h:40[m[K,
[1.326s]                  from [01m[K/usr/include/c++/9/bits/ios_base.h:41[m[K,
[1.326s]                  from [01m[K/usr/include/c++/9/ios:42[m[K,
[1.326s]                  from [01m[K/usr/include/c++/9/ostream:38[m[K,
[1.326s]                  from [01m[K/usr/include/c++/9/iostream:39[m[K,
[1.326s]                  from [01m[K/home/william/√Årea de Trabalho/workspace/src/test/src/turtle_move.cpp:1[m[K:
[1.326s] /usr/include/c++/9/ext/new_allocator.h: In instantiation of ‚Äò[01m[Kvoid __gnu_cxx::new_allocator<_Tp>::construct(_Up*, _Args&& ...) [with _Up = TurtleMove; _Args = {}; _Tp = TurtleMove][m[K‚Äô:
[1.326s] [01m[K/usr/include/c++/9/bits/alloc_traits.h:483:4:[m[K   required from ‚Äò[01m[Kstatic void std::allocator_traits<std::allocator<_CharT> >::construct(std::allocator_traits<std::allocator<_CharT> >::allocator_type&, _Up*, _Args&& ...) [with _Up = TurtleMove; _Args = {}; _Tp = TurtleMove; std::allocator_traits<std::allocator<_CharT> >::allocator_type = std::allocator<TurtleMove>][m[K‚Äô
[1.326s] [01m[K/usr/include/c++/9/bits/shared_ptr_base.h:548:39:[m[K   required from ‚Äò[01m[Kstd::_Sp_counted_ptr_inplace<_Tp, _Alloc, _Lp>::_Sp_counted_ptr_inplace(_Alloc, _Args&& ...) [with _Args = {}; _Tp = TurtleMove; _Alloc = std::allocator<TurtleMove>; __gnu_cxx::_Lock_policy _Lp = __gnu_cxx::_S_atomic][m[K‚Äô
[1.326s] [01m[K/usr/include/c++/9/bits/shared_ptr_base.h:679:16:[m[K   required from ‚Äò[01m[Kstd::__shared_count<_Lp>::__shared_count(_Tp*&, std::_Sp_alloc_shared_tag<_Alloc>, _Args&& ...) [with _Tp = TurtleMove; _Alloc = std::allocator<TurtleMove>; _Args = {}; __gnu_cxx::_Lock_policy _Lp = __gnu_cxx::_S_atomic][m[K‚Äô
[1.326s] [01m[K/usr/include/c++/9/bits/shared_ptr_base.h:1344:71:[m[K   required from ‚Äò[01m[Kstd::__shared_ptr<_Tp, _Lp>::__shared_ptr(std::_Sp_alloc_shared_tag<_Tp>, _Args&& ...) [with _Alloc = std::allocator<TurtleMove>; _Args = {}; _Tp = TurtleMove; __gnu_cxx::_Lock_policy _Lp = __gnu_cxx::_S_atomic][m[K‚Äô
[1.326s] [01m[K/usr/include/c++/9/bits/shared_ptr.h:359:59:[m[K   required from ‚Äò[01m[Kstd::shared_ptr<_Tp>::shared_ptr(std::_Sp_alloc_shared_tag<_Tp>, _Args&& ...) [with _Alloc = std::allocator<TurtleMove>; _Args = {}; _Tp = TurtleMove][m[K‚Äô
[1.326s] [01m[K/usr/include/c++/9/bits/shared_ptr.h:701:14:[m[K   required from ‚Äò[01m[Kstd::shared_ptr<_Tp> std::allocate_shared(const _Alloc&, _Args&& ...) [with _Tp = TurtleMove; _Alloc = std::allocator<TurtleMove>; _Args = {}][m[K‚Äô
[1.326s] [01m[K/usr/include/c++/9/bits/shared_ptr.h:717:39:[m[K   required from ‚Äò[01m[Kstd::shared_ptr<_Tp> std::make_shared(_Args&& ...) [with _Tp = TurtleMove; _Args = {}][m[K‚Äô
[1.326s] [01m[K/home/william/√Årea de Trabalho/workspace/src/test/src/turtle_move.cpp:34:47:[m[K   required from here
[1.326s] [01m[K/usr/include/c++/9/ext/new_allocator.h:146:4:[m[K [01;31m[Kerror: [m[Kuse of deleted function ‚Äò[01m[KTurtleMove::TurtleMove()[m[K‚Äô
[1.326s]   146 |  { [01;31m[K::new((void *)__p) _Up(std::forward<_Args>(__args)...)[m[K; }
[1.326s]       |    [01;31m[K^~~~~~~~~~~~~~~~~~~~~~~~~~~~~~~~~~~~~~~~~~~~~~~~~~~~~~[m[K
[1.327s] [01m[K/home/william/√Årea de Trabalho/workspace/src/test/src/turtle_move.cpp:11:7:[m[K [01;36m[Knote: [m[K‚Äò[01m[KTurtleMove::TurtleMove()[m[K‚Äô is implicitly deleted because the default definition would be ill-formed:
[1.327s]    11 | class [01;36m[KTurtleMove[m[K: public rclcpp::Node{
[1.327s]       |       [01;36m[K^~~~~~~~~~[m[K
[1.327s] [01m[K/home/william/√Årea de Trabalho/workspace/src/test/src/turtle_move.cpp:11:7:[m[K [01;31m[Kerror: [m[Kno matching function for call to ‚Äò[01m[Krclcpp::Node::Node()[m[K‚Äô
[1.327s] In file included from [01m[K/opt/ros/foxy/include/rclcpp/executors/single_threaded_executor.hpp:28[m[K,
[1.327s]                  from [01m[K/opt/ros/foxy/include/rclcpp/executors.hpp:22[m[K,
[1.327s]                  from [01m[K/opt/ros/foxy/include/rclcpp/rclcpp.hpp:146[m[K,
[1.327s]                  from [01m[K/home/william/√Årea de Trabalho/workspace/src/test/src/turtle_move.cpp:5[m[K:
[1.327s] [01m[K/opt/ros/foxy/include/rclcpp/node.hpp:1193:3:[m[K [01;36m[Knote: [m[Kcandidate: ‚Äò[01m[Krclcpp::Node::Node(const rclcpp::Node&, const string&)[m[K‚Äô
[1.327s]  1193 |   [01;36m[KNode[m[K(
[1.327s]       |   [01;36m[K^~~~[m[K
[1.327s] [01m[K/opt/ros/foxy/include/rclcpp/node.hpp:1193:3:[m[K [01;36m[Knote: [m[K  candidate expects 2 arguments, 0 provided
[1.327s] [01m[K/opt/ros/foxy/include/rclcpp/node.hpp:98:12:[m[K [01;36m[Knote: [m[Kcandidate: ‚Äò[01m[Krclcpp::Node::Node(const string&, const string&, const rclcpp::NodeOptions&)[m[K‚Äô
[1.327s]    98 |   explicit [01;36m[KNode[m[K(
[1.327s]       |            [01;36m[K^~~~[m[K
[1.327s] [01m[K/opt/ros/foxy/include/rclcpp/node.hpp:98:12:[m[K [01;36m[Knote: [m[K  candidate expects 3 arguments, 0 provided
[1.327s] [01m[K/opt/ros/foxy/include/rclcpp/node.hpp:86:12:[m[K [01;36m[Knote: [m[Kcandidate: ‚Äò[01m[Krclcpp::Node::Node(const string&, const rclcpp::NodeOptions&)[m[K‚Äô
[1.327s]    86 |   explicit [01;36m[KNode[m[K(
[1.327s]       |            [01;36m[K^~~~[m[K
[1.327s] [01m[K/opt/ros/foxy/include/rclcpp/node.hpp:86:12:[m[K [01;36m[Knote: [m[K  candidate expects 2 arguments, 0 provided
[1.676s] make[2]: *** [CMakeFiles/turtle_move.dir/build.make:76: CMakeFiles/turtle_move.dir/src/turtle_move.cpp.o] Error 1
[1.676s] make[1]: *** [CMakeFiles/Makefile2:141: CMakeFiles/turtle_move.dir/all] Error 2
[1.677s] make: *** [Makefile:146: all] Error 2
[1.677s] Invoked command in '/home/william/√Årea de Trabalho/workspace/build/test' returned '2': CMAKE_PREFIX_PATH=/opt/ros/foxy:${CMAKE_PREFIX_PATH} /usr/local/bin/cmake --build /home/william/√Årea de Trabalho/workspace/build/test -- -j6 -l6
