[01m[K/home/william/√Årea de Trabalho/workspace/src/test/src/turtle.cpp:[m[K In constructor ‚Äò[01m[KMinimalPublisher::MinimalPublisher()[m[K‚Äô:
[01m[K/home/william/√Årea de Trabalho/workspace/src/test/src/turtle.cpp:25:13:[m[K [01;31m[Kerror: [m[K‚Äò[01m[Ksubscription[m[K‚Äô was not declared in this scope; did you mean ‚Äò[01m[Ksubscription_[m[K‚Äô?
   25 |             [01;31m[Ksubscription[m[K = this->create_subscription<turtlesim::msg::Pose>("turtle1/pose",10, std::bind(&MinimalSubscriber::topic_callback, this, _1));
      |             [01;31m[K^~~~~~~~~~~~[m[K
      |             [32m[Ksubscription_[m[K
[01m[K/home/william/√Årea de Trabalho/workspace/src/test/src/turtle.cpp:25:106:[m[K [01;31m[Kerror: [m[K‚Äò[01m[KMinimalSubscriber[m[K‚Äô has not been declared
   25 |             subscription = this->create_subscription<turtlesim::msg::Pose>("turtle1/pose",10, std::bind(&[01;31m[KMinimalSubscriber[m[K::topic_callback, this, _1));
      |                                                                                                          [01;31m[K^~~~~~~~~~~~~~~~~[m[K
[01m[K/home/william/√Årea de Trabalho/workspace/src/test/src/turtle.cpp:25:147:[m[K [01;31m[Kerror: [m[K‚Äò[01m[K_1[m[K‚Äô was not declared in this scope; did you mean ‚Äò[01m[Kstd::placeholders::_1[m[K‚Äô?
   25 |             subscription = this->create_subscription<turtlesim::msg::Pose>("turtle1/pose",10, std::bind(&MinimalSubscriber::topic_callback, this, [01;31m[K_1[m[K));
      |                                                                                                                                                   [01;31m[K^~[m[K
      |                                                                                                                                                   [32m[Kstd::placeholders::_1[m[K
In file included from [01m[K/home/william/√Årea de Trabalho/workspace/src/test/src/turtle.cpp:3[m[K:
[01m[K/usr/include/c++/9/functional:211:34:[m[K [01;36m[Knote: [m[K‚Äò[01m[Kstd::placeholders::_1[m[K‚Äô declared here
  211 |     extern const _Placeholder<1> [01;36m[K_1[m[K;
      |                                  [01;36m[K^~[m[K
[01m[K/home/william/√Årea de Trabalho/workspace/src/test/src/turtle.cpp:[m[K In member function ‚Äò[01m[Kvoid MinimalPublisher::publish()[m[K‚Äô:
[01m[K/home/william/√Årea de Trabalho/workspace/src/test/src/turtle.cpp:32:13:[m[K [01;31m[Kerror: [m[K‚Äò[01m[Kpublisher_[m[K‚Äô was not declared in this scope; did you mean ‚Äò[01m[Kpublish[m[K‚Äô?
   32 |             [01;31m[Kpublisher_[m[K->publish(msg);
      |             [01;31m[K^~~~~~~~~~[m[K
      |             [32m[Kpublish[m[K
make[2]: *** [CMakeFiles/turtle.dir/build.make:76: CMakeFiles/turtle.dir/src/turtle.cpp.o] Error 1
make[1]: *** [CMakeFiles/Makefile2:141: CMakeFiles/turtle.dir/all] Error 2
make: *** [Makefile:146: all] Error 2
