[01m[K/home/william/√Årea de Trabalho/workspace/src/test/src/turtle.cpp:48:46:[m[K [01;31m[Kerror: [m[K‚Äò[01m[Kpose[m[K‚Äô is not a member of ‚Äò[01m[Kturtlesim::msg[m[K‚Äô; did you mean ‚Äò[01m[KPose[m[K‚Äô?
   48 |         rclcpp::Subscription<turtlesim::msg::[01;31m[Kpose[m[K>::SharedPtr sub_turtle;
      |                                              [01;31m[K^~~~[m[K
      |                                              [32m[KPose[m[K
[01m[K/home/william/√Årea de Trabalho/workspace/src/test/src/turtle.cpp:48:46:[m[K [01;31m[Kerror: [m[K‚Äò[01m[Kpose[m[K‚Äô is not a member of ‚Äò[01m[Kturtlesim::msg[m[K‚Äô; did you mean ‚Äò[01m[KPose[m[K‚Äô?
   48 |         rclcpp::Subscription<turtlesim::msg::[01;31m[Kpose[m[K>::SharedPtr sub_turtle;
      |                                              [01;31m[K^~~~[m[K
      |                                              [32m[KPose[m[K
[01m[K/home/william/√Årea de Trabalho/workspace/src/test/src/turtle.cpp:48:50:[m[K [01;31m[Kerror: [m[Ktemplate argument 1 is invalid
   48 |         rclcpp::Subscription<turtlesim::msg::pose[01;31m[K>[m[K::SharedPtr sub_turtle;
      |                                                  [01;31m[K^[m[K
[01m[K/home/william/√Årea de Trabalho/workspace/src/test/src/turtle.cpp:48:50:[m[K [01;31m[Kerror: [m[Ktemplate argument 3 is invalid
[01m[K/home/william/√Årea de Trabalho/workspace/src/test/src/turtle.cpp:48:53:[m[K [01;31m[Kerror: [m[Kexpected ‚Äò[01m[K;[m[K‚Äô at end of member declaration
   48 |         rclcpp::Subscription<turtlesim::msg::pose>::[01;31m[KSharedPtr[m[K sub_turtle;
      |                                                     [01;31m[K^~~~~~~~~[m[K
      |                                                              [32m[K;[m[K
[01m[K/home/william/√Årea de Trabalho/workspace/src/test/src/turtle.cpp:48:63:[m[K [01;31m[Kerror: [m[K‚Äò[01m[Ksub_turtle[m[K‚Äô does not name a type
   48 |         rclcpp::Subscription<turtlesim::msg::pose>::SharedPtr [01;31m[Ksub_turtle[m[K;
      |                                                               [01;31m[K^~~~~~~~~~[m[K
make[2]: *** [CMakeFiles/turtle.dir/build.make:76: CMakeFiles/turtle.dir/src/turtle.cpp.o] Error 1
make[1]: *** [CMakeFiles/Makefile2:141: CMakeFiles/turtle.dir/all] Error 2
make: *** [Makefile:146: all] Error 2
