[0.015s] Invoking command in '/home/william/√Årea de Trabalho/workspace/build/test': CMAKE_PREFIX_PATH=/home/william/√Årea de Trabalho/workspace/install/test:/home/william/√Årea de Trabalho/workspace/install/my_package:/opt/ros/foxy:/opt/ros/noetic /usr/local/bin/cmake --build /home/william/√Årea de Trabalho/workspace/build/test -- -j6 -l6
[0.033s] [35m[1mConsolidate compiler generated dependencies of target turtle[0m
[0.049s] [ 33%] Built target subscriber
[0.050s] [ 66%] Built target publisher
[0.051s] [ 83%] [32mBuilding CXX object CMakeFiles/turtle.dir/src/turtle.cpp.o[0m
[1.026s] [01m[K/home/william/√Årea de Trabalho/workspace/src/test/src/turtle.cpp:48:46:[m[K [01;31m[Kerror: [m[K‚Äò[01m[Kpose[m[K‚Äô is not a member of ‚Äò[01m[Kturtlesim::msg[m[K‚Äô; did you mean ‚Äò[01m[KPose[m[K‚Äô?
[1.026s]    48 |         rclcpp::Subscription<turtlesim::msg::[01;31m[Kpose[m[K>::SharedPtr sub_turtle;
[1.026s]       |                                              [01;31m[K^~~~[m[K
[1.026s]       |                                              [32m[KPose[m[K
[1.026s] [01m[K/home/william/√Årea de Trabalho/workspace/src/test/src/turtle.cpp:48:46:[m[K [01;31m[Kerror: [m[K‚Äò[01m[Kpose[m[K‚Äô is not a member of ‚Äò[01m[Kturtlesim::msg[m[K‚Äô; did you mean ‚Äò[01m[KPose[m[K‚Äô?
[1.026s]    48 |         rclcpp::Subscription<turtlesim::msg::[01;31m[Kpose[m[K>::SharedPtr sub_turtle;
[1.026s]       |                                              [01;31m[K^~~~[m[K
[1.026s]       |                                              [32m[KPose[m[K
[1.026s] [01m[K/home/william/√Årea de Trabalho/workspace/src/test/src/turtle.cpp:48:50:[m[K [01;31m[Kerror: [m[Ktemplate argument 1 is invalid
[1.026s]    48 |         rclcpp::Subscription<turtlesim::msg::pose[01;31m[K>[m[K::SharedPtr sub_turtle;
[1.026s]       |                                                  [01;31m[K^[m[K
[1.026s] [01m[K/home/william/√Årea de Trabalho/workspace/src/test/src/turtle.cpp:48:50:[m[K [01;31m[Kerror: [m[Ktemplate argument 3 is invalid
[1.027s] [01m[K/home/william/√Årea de Trabalho/workspace/src/test/src/turtle.cpp:48:53:[m[K [01;31m[Kerror: [m[Kexpected ‚Äò[01m[K;[m[K‚Äô at end of member declaration
[1.027s]    48 |         rclcpp::Subscription<turtlesim::msg::pose>::[01;31m[KSharedPtr[m[K sub_turtle;
[1.027s]       |                                                     [01;31m[K^~~~~~~~~[m[K
[1.027s]       |                                                              [32m[K;[m[K
[1.028s] [01m[K/home/william/√Årea de Trabalho/workspace/src/test/src/turtle.cpp:48:63:[m[K [01;31m[Kerror: [m[K‚Äò[01m[Ksub_turtle[m[K‚Äô does not name a type
[1.028s]    48 |         rclcpp::Subscription<turtlesim::msg::pose>::SharedPtr [01;31m[Ksub_turtle[m[K;
[1.028s]       |                                                               [01;31m[K^~~~~~~~~~[m[K
[2.134s] make[2]: *** [CMakeFiles/turtle.dir/build.make:76: CMakeFiles/turtle.dir/src/turtle.cpp.o] Error 1
[2.134s] make[1]: *** [CMakeFiles/Makefile2:141: CMakeFiles/turtle.dir/all] Error 2
[2.134s] make: *** [Makefile:146: all] Error 2
[2.136s] Invoked command in '/home/william/√Årea de Trabalho/workspace/build/test' returned '2': CMAKE_PREFIX_PATH=/home/william/√Årea de Trabalho/workspace/install/test:/home/william/√Årea de Trabalho/workspace/install/my_package:/opt/ros/foxy:/opt/ros/noetic /usr/local/bin/cmake --build /home/william/√Årea de Trabalho/workspace/build/test -- -j6 -l6
