[0.017s] Invoking command in '/home/william/√Årea de Trabalho/workspace/build/test': CMAKE_PREFIX_PATH=/opt/ros/foxy:${CMAKE_PREFIX_PATH} /usr/local/bin/cmake --build /home/william/√Årea de Trabalho/workspace/build/test -- -j6 -l6
[0.033s] [35m[1mConsolidate compiler generated dependencies of target turtle_move[0m
[0.044s] [ 33%] [32mBuilding CXX object CMakeFiles/turtle_move.dir/src/turtle_move.cpp.o[0m
[0.044s] [ 50%] Built target publisher
[0.045s] [ 83%] Built target subscriber
[1.046s] [01m[K/home/william/√Årea de Trabalho/workspace/src/test/src/turtle_move.cpp:[m[K In member function ‚Äò[01m[Kvoid TurtleMove::publish()[m[K‚Äô:
[1.046s] [01m[K/home/william/√Årea de Trabalho/workspace/src/test/src/turtle_move.cpp:51:12:[m[K [01;31m[Kerror: [m[K‚Äò[01m[Kread[m[K‚Äô was not declared in this scope; did you mean ‚Äò[01m[Kfread[m[K‚Äô?
[1.046s]    51 |         if([01;31m[Kread[m[K(kfd, &c, 1) < 0)
[1.046s]       |            [01;31m[K^~~~[m[K
[1.046s]       |            [32m[Kfread[m[K
[1.726s] make[2]: *** [CMakeFiles/turtle_move.dir/build.make:76: CMakeFiles/turtle_move.dir/src/turtle_move.cpp.o] Error 1
[1.726s] make[1]: *** [CMakeFiles/Makefile2:141: CMakeFiles/turtle_move.dir/all] Error 2
[1.726s] make: *** [Makefile:146: all] Error 2
[1.727s] Invoked command in '/home/william/√Årea de Trabalho/workspace/build/test' returned '2': CMAKE_PREFIX_PATH=/opt/ros/foxy:${CMAKE_PREFIX_PATH} /usr/local/bin/cmake --build /home/william/√Årea de Trabalho/workspace/build/test -- -j6 -l6
