[0.015s] Invoking command in '/home/william/√Årea de Trabalho/workspace/build/test': CMAKE_PREFIX_PATH=/opt/ros/foxy:${CMAKE_PREFIX_PATH} /usr/local/bin/cmake --build /home/william/√Årea de Trabalho/workspace/build/test -- -j6 -l6
[0.032s] [35m[1mConsolidate compiler generated dependencies of target turtle_move[0m
[0.036s] [ 33%] Built target publisher
[0.041s] [ 66%] Built target subscriber
[0.042s] [ 83%] [32mBuilding CXX object CMakeFiles/turtle_move.dir/src/turtle_move.cpp.o[0m
[2.372s] [100%] [32m[1mLinking CXX executable turtle_move[0m
[2.493s] /usr/bin/ld: CMakeFiles/turtle_move.dir/src/turtle_move.cpp.o: in function `TurtleMove::TurtleMove()':
[2.493s] turtle_move.cpp:(.text._ZN10TurtleMoveC2Ev[_ZN10TurtleMoveC5Ev]+0x2cc): undefined reference to `initscr'
[2.493s] collect2: error: ld returned 1 exit status
[2.494s] make[2]: *** [CMakeFiles/turtle_move.dir/build.make:164: turtle_move] Error 1
[2.494s] make[1]: *** [CMakeFiles/Makefile2:141: CMakeFiles/turtle_move.dir/all] Error 2
[2.494s] make: *** [Makefile:146: all] Error 2
[2.496s] Invoked command in '/home/william/√Årea de Trabalho/workspace/build/test' returned '2': CMAKE_PREFIX_PATH=/opt/ros/foxy:${CMAKE_PREFIX_PATH} /usr/local/bin/cmake --build /home/william/√Årea de Trabalho/workspace/build/test -- -j6 -l6
