[01m[K/home/william/Ãrea de Trabalho/workspace/src/test/src/turtle.cpp:[m[K In constructor â€˜[01m[KTurtle::Turtle()[m[Kâ€™:
[01m[K/home/william/Ãrea de Trabalho/workspace/src/test/src/turtle.cpp:56:112:[m[K [01;31m[Kerror: [m[Kâ€˜[01m[Ktopic_callback2[m[Kâ€™ is not a member of â€˜[01m[KTurtle[m[Kâ€™
   56 |             sub_turtle = this->create_subscription<turtlesim::msg::Pose>("turtle1/pose",10, std::bind(&Turtle::[01;31m[Ktopic_callback2[m[K,this,_1));
      |                                                                                                                [01;31m[K^~~~~~~~~~~~~~~[m[K
make[2]: *** [CMakeFiles/turtle.dir/build.make:76: CMakeFiles/turtle.dir/src/turtle.cpp.o] Error 1
make[1]: *** [CMakeFiles/Makefile2:141: CMakeFiles/turtle.dir/all] Error 2
make: *** [Makefile:146: all] Error 2
