-- Found ament_cmake: 0.9.9 (/opt/ros/foxy/share/ament_cmake/cmake)
-- Using PYTHON_EXECUTABLE: /usr/bin/python3
-- Found rclcpp: 2.4.1 (/opt/ros/foxy/share/rclcpp/cmake)
-- Using all available rosidl_typesupport_c: rosidl_typesupport_fastrtps_c;rosidl_typesupport_introspection_c
-- Found rosidl_adapter: 1.2.1 (/opt/ros/foxy/share/rosidl_adapter/cmake)
-- Using all available rosidl_typesupport_cpp: rosidl_typesupport_fastrtps_cpp;rosidl_typesupport_introspection_cpp
-- Found rmw_implementation_cmake: 1.0.3 (/opt/ros/foxy/share/rmw_implementation_cmake/cmake)
-- Using RMW implementation 'rmw_fastrtps_cpp' as default
-- Found ament_lint_auto: 0.9.6 (/opt/ros/foxy/share/ament_lint_auto/cmake)
-- Added test 'copyright' to check source files copyright and LICENSE
-- Added test 'cppcheck' to perform static code analysis on C / C++ code
-- Configured cppcheck include dirs: 
-- Configured cppcheck exclude dirs and/or files: 
-- Added test 'cpplint' to check C / C++ code against the Google style
-- Configured cpplint exclude dirs and/or files: 
-- Added test 'lint_cmake' to check CMake code style
-- Added test 'uncrustify' to check C / C++ code style
-- Configured uncrustify additional arguments: 
-- Added test 'xmllint' to check XML markup files
-- Configuring done
-- Generating done
-- Build files have been written to: /home/william/Ãrea de Trabalho/workspace/build/test
[ 50%] [32mBuilding CXX object CMakeFiles/teste.dir/src/teste.cpp.o[0m
[01m[K/home/william/Ãrea de Trabalho/workspace/src/test/src/teste.cpp:6:45:[m[K [01;31m[Kerror: [m[Kexpected unqualified-id before â€˜[01m[K][m[Kâ€™ token
    6 | class MinimalPublisher: public rclcpp::Node{[01;31m[K][m[K
      |                                             [01;31m[K^[m[K
[01m[K/home/william/Ãrea de Trabalho/workspace/src/test/src/teste.cpp:23:2:[m[K [01;31m[Kerror: [m[Kexpected â€˜[01m[K;[m[Kâ€™ after class definition
   23 | }
      |  [01;31m[K^[m[K
      |  [32m[K;[m[K
[01m[K/home/william/Ãrea de Trabalho/workspace/src/test/src/teste.cpp:[m[K In constructor â€˜[01m[KMinimalPublisher::MinimalPublisher()[m[Kâ€™:
[01m[K/home/william/Ãrea de Trabalho/workspace/src/test/src/teste.cpp:14:13:[m[K [01;31m[Kerror: [m[Kâ€˜[01m[Kpublisher_[m[Kâ€™ was not declared in this scope; did you mean â€˜[01m[Kpublish[m[Kâ€™?
   14 |             [01;31m[Kpublisher_[m[K = this->create_publisher<std_msgs::msg::String>("topic",10);
      |             [01;31m[K^~~~~~~~~~[m[K
      |             [32m[Kpublish[m[K
[01m[K/home/william/Ãrea de Trabalho/workspace/src/test/src/teste.cpp:15:46:[m[K [01;31m[Kerror: [m[Kunable to find numeric literal operator â€˜[01m[Koperator""ms[m[Kâ€™
   15 |             timer_ = this->create_wall_timer([01;31m[K500ms[m[K, std::bind(&MinimalPublisher::publish, this));
      |                                              [01;31m[K^~~~~[m[K
[01m[K/home/william/Ãrea de Trabalho/workspace/src/test/src/teste.cpp:[m[K In member function â€˜[01m[Kvoid MinimalPublisher::publish()[m[Kâ€™:
[01m[K/home/william/Ãrea de Trabalho/workspace/src/test/src/teste.cpp:21:13:[m[K [01;31m[Kerror: [m[Kâ€˜[01m[Kpublisher_[m[Kâ€™ was not declared in this scope; did you mean â€˜[01m[Kpublish[m[Kâ€™?
   21 |             [01;31m[Kpublisher_[m[K->publish(msg);
      |             [01;31m[K^~~~~~~~~~[m[K
      |             [32m[Kpublish[m[K
make[2]: *** [CMakeFiles/teste.dir/build.make:76: CMakeFiles/teste.dir/src/teste.cpp.o] Erro 1
make[1]: *** [CMakeFiles/Makefile2:137: CMakeFiles/teste.dir/all] Erro 2
make: *** [Makefile:146: all] Erro 2
