[0.015s] Invoking command in '/home/william/√Årea de Trabalho/workspace/build/test': CMAKE_PREFIX_PATH=${CMAKE_PREFIX_PATH}:/opt/ros/foxy /usr/local/bin/cmake --build /home/william/√Årea de Trabalho/workspace/build/test -- -j6 -l6
[0.033s] [35m[1mConsolidate compiler generated dependencies of target teste[0m
[0.040s] [ 50%] [32mBuilding CXX object CMakeFiles/teste.dir/src/teste.cpp.o[0m
[1.073s] [01m[K/home/william/√Årea de Trabalho/workspace/src/test/src/teste.cpp:23:2:[m[K [01;31m[Kerror: [m[Kexpected ‚Äò[01m[K;[m[K‚Äô after class definition
[1.073s]    23 | }
[1.073s]       |  [01;31m[K^[m[K
[1.073s]       |  [32m[K;[m[K
[1.073s] [01m[K/home/william/√Årea de Trabalho/workspace/src/test/src/teste.cpp:[m[K In constructor ‚Äò[01m[KMinimalPublisher::MinimalPublisher()[m[K‚Äô:
[1.073s] [01m[K/home/william/√Årea de Trabalho/workspace/src/test/src/teste.cpp:15:46:[m[K [01;31m[Kerror: [m[Kunable to find numeric literal operator ‚Äò[01m[Koperator""ms[m[K‚Äô
[1.074s]    15 |             timer_ = this->create_wall_timer([01;31m[K500ms[m[K, std::bind(&MinimalPublisher::publish, this));
[1.074s]       |                                              [01;31m[K^~~~~[m[K
[1.739s] make[2]: *** [CMakeFiles/teste.dir/build.make:76: CMakeFiles/teste.dir/src/teste.cpp.o] Erro 1
[1.739s] make[1]: *** [CMakeFiles/Makefile2:137: CMakeFiles/teste.dir/all] Erro 2
[1.739s] make: *** [Makefile:146: all] Erro 2
[1.740s] Invoked command in '/home/william/√Årea de Trabalho/workspace/build/test' returned '2': CMAKE_PREFIX_PATH=${CMAKE_PREFIX_PATH}:/opt/ros/foxy /usr/local/bin/cmake --build /home/william/√Årea de Trabalho/workspace/build/test -- -j6 -l6
