[35m[1mConsolidate compiler generated dependencies of target turtle_move[0m
[ 33%] Built target publisher
[ 66%] Built target subscriber
[ 83%] [32mBuilding CXX object CMakeFiles/turtle_move.dir/src/turtle_move.cpp.o[0m
[01m[K/home/william/√Årea de Trabalho/workspace/src/test/src/turtle_move.cpp:20:23:[m[K [01;31m[Kerror: [m[K‚Äò[01m[Ktermios raw[m[K‚Äô redeclared as different kind of entity
   20 | struct termios cooked,[01;31m[Kraw[m[K;
      |                       [01;31m[K^~~[m[K
In file included from [01m[K/home/william/√Årea de Trabalho/workspace/src/test/src/turtle_move.cpp:8[m[K:
[01m[K/usr/include/curses.h:771:28:[m[K [01;36m[Knote: [m[Kprevious declaration ‚Äò[01m[Kint raw()[m[K‚Äô
  771 | extern NCURSES_EXPORT(int) [01;36m[Kraw[m[K (void);     /* implemented */
      |                            [01;36m[K^~~[m[K
make[2]: *** [CMakeFiles/turtle_move.dir/build.make:76: CMakeFiles/turtle_move.dir/src/turtle_move.cpp.o] Error 1
make[1]: *** [CMakeFiles/Makefile2:141: CMakeFiles/turtle_move.dir/all] Error 2
make: *** [Makefile:146: all] Error 2
