[0.014s] Invoking command in '/home/william/√Årea de Trabalho/workspace/build/test': CMAKE_PREFIX_PATH=/opt/ros/foxy:${CMAKE_PREFIX_PATH} /usr/local/bin/cmake --build /home/william/√Årea de Trabalho/workspace/build/test -- -j6 -l6
[0.026s] -- Found ament_cmake: 0.9.9 (/opt/ros/foxy/share/ament_cmake/cmake)
[0.045s] -- Using PYTHON_EXECUTABLE: /usr/bin/python3
[0.234s] -- Found rclcpp: 2.4.1 (/opt/ros/foxy/share/rclcpp/cmake)
[0.261s] -- Using all available rosidl_typesupport_c: rosidl_typesupport_fastrtps_c;rosidl_typesupport_introspection_c
[0.264s] -- Found rosidl_adapter: 1.2.1 (/opt/ros/foxy/share/rosidl_adapter/cmake)
[0.352s] -- Using all available rosidl_typesupport_cpp: rosidl_typesupport_fastrtps_cpp;rosidl_typesupport_introspection_cpp
[0.391s] -- Found rmw_implementation_cmake: 1.0.3 (/opt/ros/foxy/share/rmw_implementation_cmake/cmake)
[0.392s] -- Using RMW implementation 'rmw_fastrtps_cpp' as default
[0.504s] -- Found turtlesim: 1.2.5 (/opt/ros/foxy/share/turtlesim/cmake)
[0.585s] -- Found geometry_msgs: 2.0.5 (/opt/ros/foxy/share/geometry_msgs/cmake)
[0.610s] -- Found ament_lint_auto: 0.9.6 (/opt/ros/foxy/share/ament_lint_auto/cmake)
[0.665s] -- Added test 'copyright' to check source files copyright and LICENSE
[0.666s] -- Added test 'cppcheck' to perform static code analysis on C / C++ code
[0.666s] -- Configured cppcheck include dirs: 
[0.666s] -- Configured cppcheck exclude dirs and/or files: 
[0.666s] -- Added test 'cpplint' to check C / C++ code against the Google style
[0.666s] -- Configured cpplint exclude dirs and/or files: 
[0.667s] -- Added test 'lint_cmake' to check CMake code style
[0.667s] -- Added test 'uncrustify' to check C / C++ code style
[0.667s] -- Configured uncrustify additional arguments: 
[0.668s] -- Added test 'xmllint' to check XML markup files
[0.668s] -- Configuring done
[0.679s] -- Generating done
[0.680s] -- Build files have been written to: /home/william/√Årea de Trabalho/workspace/build/test
[0.690s] [35m[1mConsolidate compiler generated dependencies of target publisher[0m
[0.690s] [35m[1mConsolidate compiler generated dependencies of target subscriber[0m
[0.699s] [ 50%] [32mBuilding CXX object CMakeFiles/turtle_move.dir/src/turtle_move.cpp.o[0m
[0.699s] [ 50%] Built target publisher
[0.700s] [ 83%] Built target subscriber
[1.704s] [01m[K/home/william/√Årea de Trabalho/workspace/src/test/src/turtle_move.cpp:12:51:[m[K [01;31m[Kerror: [m[Ktemplate argument 1 is invalid
[1.704s]    12 |         rclcpp::Publisher<geometry_msgs::msg:Twist[01;31m[K>[m[K::SharedPtr pub;
[1.704s]       |                                                   [01;31m[K^[m[K
[1.704s] [01m[K/home/william/√Årea de Trabalho/workspace/src/test/src/turtle_move.cpp:12:54:[m[K [01;31m[Kerror: [m[Kexpected ‚Äò[01m[K;[m[K‚Äô at end of member declaration
[1.704s]    12 |         rclcpp::Publisher<geometry_msgs::msg:Twist>::[01;31m[KSharedPtr[m[K pub;
[1.704s]       |                                                      [01;31m[K^~~~~~~~~[m[K
[1.704s]       |                                                               [32m[K;[m[K
[1.705s] [01m[K/home/william/√Årea de Trabalho/workspace/src/test/src/turtle_move.cpp:12:64:[m[K [01;31m[Kerror: [m[K‚Äò[01m[Kpub[m[K‚Äô does not name a type
[1.705s]    12 |         rclcpp::Publisher<geometry_msgs::msg:Twist>::SharedPtr [01;31m[Kpub[m[K;
[1.705s]       |                                                                [01;31m[K^~~[m[K
[1.705s] [01m[K/home/william/√Årea de Trabalho/workspace/src/test/src/turtle_move.cpp:15:16:[m[K [01;31m[Kerror: [m[KISO C++ forbids declaration of ‚Äò[01m[KTurtle[m[K‚Äô with no type [[01;31m[K-fpermissive[m[K]
[1.705s]    15 |         Turtle([01;31m[K)[m[K
[1.705s]       |                [01;31m[K^[m[K
[1.705s] [01m[K/home/william/√Årea de Trabalho/workspace/src/test/src/turtle_move.cpp:[m[K In member function ‚Äò[01m[Kint TurtleMove::Turtle()[m[K‚Äô:
[1.705s] [01m[K/home/william/√Årea de Trabalho/workspace/src/test/src/turtle_move.cpp:16:11:[m[K [01;31m[Kerror: [m[Konly constructors take member initializers
[1.705s]    16 |         : [01;31m[KNode[m[K("turtle_move"){
[1.705s]       |           [01;31m[K^~~~[m[K
[1.706s] [01m[K/home/william/√Årea de Trabalho/workspace/src/test/src/turtle_move.cpp:17:13:[m[K [01;31m[Kerror: [m[K‚Äò[01m[Kpub[m[K‚Äô was not declared in this scope
[1.706s]    17 |             [01;31m[Kpub[m[K = this->create_publisher<geometry_msgs::msg::Twist>("/turtle1/cmd_vel",10);
[1.706s]       |             [01;31m[K^~~[m[K
[1.718s] [01m[K/home/william/√Årea de Trabalho/workspace/src/test/src/turtle_move.cpp:19:9:[m[K [01;35m[Kwarning: [m[Kno return statement in function returning non-void [[01;35m[K-Wreturn-type[m[K]
[1.718s]    19 |         [01;35m[K}[m[K
[1.718s]       |         [01;35m[K^[m[K
[1.718s] [01m[K/home/william/√Årea de Trabalho/workspace/src/test/src/turtle_move.cpp:[m[K In member function ‚Äò[01m[Kvoid TurtleMove::publish()[m[K‚Äô:
[1.718s] [01m[K/home/william/√Årea de Trabalho/workspace/src/test/src/turtle_move.cpp:23:14:[m[K [01;31m[Kerror: [m[Kbase operand of ‚Äò[01m[K->[m[K‚Äô has non-pointer type ‚Äò[01m[Kgeometry_msgs::msg::Twist[m[K‚Äô {aka ‚Äò[01m[Kgeometry_msgs::msg::Twist_<std::allocator<void> >[m[K‚Äô}
[1.718s]    23 |           msg[01;31m[K->[m[Klinear.x = 1;
[1.718s]       |              [01;31m[K^~[m[K
[1.719s] [01m[K/home/william/√Årea de Trabalho/workspace/src/test/src/turtle_move.cpp:25:11:[m[K [01;31m[Kerror: [m[K‚Äò[01m[Kpub[m[K‚Äô was not declared in this scope
[1.719s]    25 |           [01;31m[Kpub[m[K->publish(msg);
[1.719s]       |           [01;31m[K^~~[m[K
[2.021s] In file included from [01m[K/usr/include/x86_64-linux-gnu/c++/9/bits/c++allocator.h:33[m[K,
[2.021s]                  from [01m[K/usr/include/c++/9/bits/allocator.h:46[m[K,
[2.021s]                  from [01m[K/usr/include/c++/9/memory:63[m[K,
[2.021s]                  from [01m[K/home/william/√Årea de Trabalho/workspace/src/test/src/turtle_move.cpp:1[m[K:
[2.021s] /usr/include/c++/9/ext/new_allocator.h: In instantiation of ‚Äò[01m[Kvoid __gnu_cxx::new_allocator<_Tp>::construct(_Up*, _Args&& ...) [with _Up = TurtleMove; _Args = {}; _Tp = TurtleMove][m[K‚Äô:
[2.021s] [01m[K/usr/include/c++/9/bits/alloc_traits.h:483:4:[m[K   required from ‚Äò[01m[Kstatic void std::allocator_traits<std::allocator<_Tp1> >::construct(std::allocator_traits<std::allocator<_Tp1> >::allocator_type&, _Up*, _Args&& ...) [with _Up = TurtleMove; _Args = {}; _Tp = TurtleMove; std::allocator_traits<std::allocator<_Tp1> >::allocator_type = std::allocator<TurtleMove>][m[K‚Äô
[2.021s] [01m[K/usr/include/c++/9/bits/shared_ptr_base.h:548:39:[m[K   required from ‚Äò[01m[Kstd::_Sp_counted_ptr_inplace<_Tp, _Alloc, _Lp>::_Sp_counted_ptr_inplace(_Alloc, _Args&& ...) [with _Args = {}; _Tp = TurtleMove; _Alloc = std::allocator<TurtleMove>; __gnu_cxx::_Lock_policy _Lp = __gnu_cxx::_S_atomic][m[K‚Äô
[2.021s] [01m[K/usr/include/c++/9/bits/shared_ptr_base.h:679:16:[m[K   required from ‚Äò[01m[Kstd::__shared_count<_Lp>::__shared_count(_Tp*&, std::_Sp_alloc_shared_tag<_Alloc>, _Args&& ...) [with _Tp = TurtleMove; _Alloc = std::allocator<TurtleMove>; _Args = {}; __gnu_cxx::_Lock_policy _Lp = __gnu_cxx::_S_atomic][m[K‚Äô
[2.021s] [01m[K/usr/include/c++/9/bits/shared_ptr_base.h:1344:71:[m[K   required from ‚Äò[01m[Kstd::__shared_ptr<_Tp, _Lp>::__shared_ptr(std::_Sp_alloc_shared_tag<_Tp>, _Args&& ...) [with _Alloc = std::allocator<TurtleMove>; _Args = {}; _Tp = TurtleMove; __gnu_cxx::_Lock_policy _Lp = __gnu_cxx::_S_atomic][m[K‚Äô
[2.021s] [01m[K/usr/include/c++/9/bits/shared_ptr.h:359:59:[m[K   required from ‚Äò[01m[Kstd::shared_ptr<_Tp>::shared_ptr(std::_Sp_alloc_shared_tag<_Tp>, _Args&& ...) [with _Alloc = std::allocator<TurtleMove>; _Args = {}; _Tp = TurtleMove][m[K‚Äô
[2.021s] [01m[K/usr/include/c++/9/bits/shared_ptr.h:701:14:[m[K   required from ‚Äò[01m[Kstd::shared_ptr<_Tp> std::allocate_shared(const _Alloc&, _Args&& ...) [with _Tp = TurtleMove; _Alloc = std::allocator<TurtleMove>; _Args = {}][m[K‚Äô
[2.021s] [01m[K/usr/include/c++/9/bits/shared_ptr.h:717:39:[m[K   required from ‚Äò[01m[Kstd::shared_ptr<_Tp> std::make_shared(_Args&& ...) [with _Tp = TurtleMove; _Args = {}][m[K‚Äô
[2.021s] [01m[K/home/william/√Årea de Trabalho/workspace/src/test/src/turtle_move.cpp:33:47:[m[K   required from here
[2.022s] [01m[K/usr/include/c++/9/ext/new_allocator.h:146:4:[m[K [01;31m[Kerror: [m[Kuse of deleted function ‚Äò[01m[KTurtleMove::TurtleMove()[m[K‚Äô
[2.022s]   146 |  { [01;31m[K::new((void *)__p) _Up(std::forward<_Args>(__args)...)[m[K; }
[2.022s]       |    [01;31m[K^~~~~~~~~~~~~~~~~~~~~~~~~~~~~~~~~~~~~~~~~~~~~~~~~~~~~~[m[K
[2.022s] [01m[K/home/william/√Årea de Trabalho/workspace/src/test/src/turtle_move.cpp:10:7:[m[K [01;36m[Knote: [m[K‚Äò[01m[KTurtleMove::TurtleMove()[m[K‚Äô is implicitly deleted because the default definition would be ill-formed:
[2.022s]    10 | class [01;36m[KTurtleMove[m[K: public rclcpp::Node{
[2.022s]       |       [01;36m[K^~~~~~~~~~[m[K
[2.022s] [01m[K/home/william/√Årea de Trabalho/workspace/src/test/src/turtle_move.cpp:10:7:[m[K [01;31m[Kerror: [m[Kno matching function for call to ‚Äò[01m[Krclcpp::Node::Node()[m[K‚Äô
[2.022s] In file included from [01m[K/opt/ros/foxy/include/rclcpp/executors/single_threaded_executor.hpp:28[m[K,
[2.022s]                  from [01m[K/opt/ros/foxy/include/rclcpp/executors.hpp:22[m[K,
[2.022s]                  from [01m[K/opt/ros/foxy/include/rclcpp/rclcpp.hpp:146[m[K,
[2.022s]                  from [01m[K/home/william/√Årea de Trabalho/workspace/src/test/src/turtle_move.cpp:4[m[K:
[2.022s] [01m[K/opt/ros/foxy/include/rclcpp/node.hpp:1193:3:[m[K [01;36m[Knote: [m[Kcandidate: ‚Äò[01m[Krclcpp::Node::Node(const rclcpp::Node&, const string&)[m[K‚Äô
[2.022s]  1193 |   [01;36m[KNode[m[K(
[2.022s]       |   [01;36m[K^~~~[m[K
[2.022s] [01m[K/opt/ros/foxy/include/rclcpp/node.hpp:1193:3:[m[K [01;36m[Knote: [m[K  candidate expects 2 arguments, 0 provided
[2.022s] [01m[K/opt/ros/foxy/include/rclcpp/node.hpp:98:12:[m[K [01;36m[Knote: [m[Kcandidate: ‚Äò[01m[Krclcpp::Node::Node(const string&, const string&, const rclcpp::NodeOptions&)[m[K‚Äô
[2.022s]    98 |   explicit [01;36m[KNode[m[K(
[2.022s]       |            [01;36m[K^~~~[m[K
[2.022s] [01m[K/opt/ros/foxy/include/rclcpp/node.hpp:98:12:[m[K [01;36m[Knote: [m[K  candidate expects 3 arguments, 0 provided
[2.022s] [01m[K/opt/ros/foxy/include/rclcpp/node.hpp:86:12:[m[K [01;36m[Knote: [m[Kcandidate: ‚Äò[01m[Krclcpp::Node::Node(const string&, const rclcpp::NodeOptions&)[m[K‚Äô
[2.023s]    86 |   explicit [01;36m[KNode[m[K(
[2.023s]       |            [01;36m[K^~~~[m[K
[2.023s] [01m[K/opt/ros/foxy/include/rclcpp/node.hpp:86:12:[m[K [01;36m[Knote: [m[K  candidate expects 2 arguments, 0 provided
[2.382s] make[2]: *** [CMakeFiles/turtle_move.dir/build.make:76: CMakeFiles/turtle_move.dir/src/turtle_move.cpp.o] Error 1
[2.382s] make[1]: *** [CMakeFiles/Makefile2:141: CMakeFiles/turtle_move.dir/all] Error 2
[2.382s] make: *** [Makefile:146: all] Error 2
[2.383s] Invoked command in '/home/william/√Årea de Trabalho/workspace/build/test' returned '2': CMAKE_PREFIX_PATH=/opt/ros/foxy:${CMAKE_PREFIX_PATH} /usr/local/bin/cmake --build /home/william/√Årea de Trabalho/workspace/build/test -- -j6 -l6
