[35m[1mConsolidate compiler generated dependencies of target turtle[0m
[ 16%] [32mBuilding CXX object CMakeFiles/turtle.dir/src/turtle.cpp.o[0m
[ 50%] Built target publisher
[ 83%] Built target subscriber
[01m[K/home/william/√Årea de Trabalho/workspace/src/test/src/turtle.cpp:36:10:[m[K [01;31m[Kfatal error: [m[Kturtlesim/msg/Pose.hpp: No such file or directory
   36 | #include [01;31m[K"turtlesim/msg/Pose.hpp"[m[K
      |          [01;31m[K^~~~~~~~~~~~~~~~~~~~~~~~[m[K
compilation terminated.
make[2]: *** [CMakeFiles/turtle.dir/build.make:76: CMakeFiles/turtle.dir/src/turtle.cpp.o] Error 1
make[1]: *** [CMakeFiles/Makefile2:141: CMakeFiles/turtle.dir/all] Error 2
make: *** [Makefile:146: all] Error 2
