[0.016s] Invoking command in '/home/william/√Årea de Trabalho/workspace/build/test': CMAKE_PREFIX_PATH=/home/william/√Årea de Trabalho/workspace/install/test:/home/william/√Årea de Trabalho/workspace/install/my_package:/opt/ros/foxy:/opt/ros/noetic /usr/local/bin/cmake --build /home/william/√Årea de Trabalho/workspace/build/test -- -j6 -l6
[0.039s] [35m[1mConsolidate compiler generated dependencies of target turtle[0m
[0.047s] [ 16%] [32mBuilding CXX object CMakeFiles/turtle.dir/src/turtle.cpp.o[0m
[0.050s] [ 50%] Built target publisher
[0.054s] [ 83%] Built target subscriber
[0.136s] [01m[K/home/william/√Årea de Trabalho/workspace/src/test/src/turtle.cpp:36:10:[m[K [01;31m[Kfatal error: [m[Kturtlesim/msg/Pose.hpp: No such file or directory
[0.136s]    36 | #include [01;31m[K"turtlesim/msg/Pose.hpp"[m[K
[0.136s]       |          [01;31m[K^~~~~~~~~~~~~~~~~~~~~~~~[m[K
[0.136s] compilation terminated.
[0.137s] make[2]: *** [CMakeFiles/turtle.dir/build.make:76: CMakeFiles/turtle.dir/src/turtle.cpp.o] Error 1
[0.137s] make[1]: *** [CMakeFiles/Makefile2:141: CMakeFiles/turtle.dir/all] Error 2
[0.137s] make: *** [Makefile:146: all] Error 2
[0.138s] Invoked command in '/home/william/√Årea de Trabalho/workspace/build/test' returned '2': CMAKE_PREFIX_PATH=/home/william/√Årea de Trabalho/workspace/install/test:/home/william/√Årea de Trabalho/workspace/install/my_package:/opt/ros/foxy:/opt/ros/noetic /usr/local/bin/cmake --build /home/william/√Årea de Trabalho/workspace/build/test -- -j6 -l6
