[0.017s] Invoking command in '/home/william/√Årea de Trabalho/workspace/build/test': CMAKE_PREFIX_PATH=/home/william/√Årea de Trabalho/workspace/install/test:/home/william/√Årea de Trabalho/workspace/install/my_package:/opt/ros/foxy:/opt/ros/noetic /usr/local/bin/cmake --build /home/william/√Årea de Trabalho/workspace/build/test -- -j6 -l6
[0.033s] [35m[1mConsolidate compiler generated dependencies of target turtle[0m
[0.036s] [ 33%] Built target publisher
[0.042s] [ 50%] [32mBuilding CXX object CMakeFiles/turtle.dir/src/turtle.cpp.o[0m
[0.042s] [ 83%] Built target subscriber
[1.064s] In file included from [01m[K/opt/ros/foxy/include/rclcpp/context.hpp:19[m[K,
[1.064s]                  from [01m[K/opt/ros/foxy/include/rclcpp/contexts/default_context.hpp:18[m[K,
[1.064s]                  from [01m[K/opt/ros/foxy/include/rclcpp/executor.hpp:32[m[K,
[1.064s]                  from [01m[K/opt/ros/foxy/include/rclcpp/executors/multi_threaded_executor.hpp:26[m[K,
[1.064s]                  from [01m[K/opt/ros/foxy/include/rclcpp/executors.hpp:21[m[K,
[1.065s]                  from [01m[K/opt/ros/foxy/include/rclcpp/rclcpp.hpp:146[m[K,
[1.065s]                  from [01m[K/home/william/√Årea de Trabalho/workspace/src/test/src/turtle.cpp:34[m[K:
[1.065s] /usr/include/c++/9/functional: In instantiation of ‚Äò[01m[Kstruct std::_Bind_check_arity<void (Turtle::*)() const, Turtle*, const std::_Placeholder<1>&>[m[K‚Äô:
[1.065s] [01m[K/usr/include/c++/9/functional:787:12:[m[K   required from ‚Äò[01m[Kstruct std::_Bind_helper<false, void (Turtle::*)() const, Turtle*, const std::_Placeholder<1>&>[m[K‚Äô
[1.065s] [01m[K/usr/include/c++/9/functional:808:5:[m[K   required by substitution of ‚Äò[01m[Ktemplate<class _Func, class ... _BoundArgs> typename std::_Bind_helper<std::__is_socketlike<_Func>::value, _Func, _BoundArgs ...>::type std::bind(_Func&&, _BoundArgs&& ...) [with _Func = void (Turtle::*)() const; _BoundArgs = {Turtle*, const std::_Placeholder<1>&}][m[K‚Äô
[1.065s] [01m[K/home/william/√Årea de Trabalho/workspace/src/test/src/turtle.cpp:58:135:[m[K   required from here
[1.065s] [01m[K/usr/include/c++/9/functional:775:7:[m[K [01;31m[Kerror: [m[Kstatic assertion failed: Wrong number of arguments for pointer-to-member
[1.065s]   774 |       static_assert(_Varargs::[01;31m[Kvalue[m[K
[1.065s]       |                               [01;31m[K~~~~~[m[K
[1.065s]   775 | [01;31m[K      ? sizeof...(_BoundArgs) >= _Arity::value + 1[m[K
[1.065s]       |       [01;31m[K^~~~~~~~~~~~~~~~~~~~~~~~~~~~~~~~~~~~~~~~~~~~[m[K
[1.065s]   776 | [01;31m[K      : sizeof...(_BoundArgs) == _Arity::value + 1[m[K,
[1.065s]       |       [01;31m[K~~~~~~~~~~~~~~~~~~~~~~~~~~~~~~~~~~~~~~~~~~~~[m[K
[1.066s] In file included from [01m[K/usr/include/c++/9/bits/unique_ptr.h:37[m[K,
[1.066s]                  from [01m[K/usr/include/c++/9/memory:80[m[K,
[1.066s]                  from [01m[K/home/william/√Årea de Trabalho/workspace/src/test/src/turtle.cpp:33[m[K:
[1.066s] /usr/include/c++/9/tuple: In instantiation of ‚Äò[01m[Kstruct std::tuple_element<0, std::tuple<> >[m[K‚Äô:
[1.066s] [01m[K/opt/ros/foxy/include/rclcpp/function_traits.hpp:71:9:[m[K   required by substitution of ‚Äò[01m[Ktemplate<class ReturnTypeT, class ... Args> template<long unsigned int N> using argument_type = typename std::tuple_element<N, std::tuple<_Elements ...> >::type [with long unsigned int N = 0; ReturnTypeT = void; Args = {}][m[K‚Äô
[1.066s] [01m[K/opt/ros/foxy/include/rclcpp/subscription_traits.hpp:97:8:[m[K   required from ‚Äò[01m[Kstruct rclcpp::subscription_traits::has_message_type<std::_Bind<void (Turtle::*(Turtle*, std::_Placeholder<1>))() const>, std::allocator<void>, void, void, void, void>[m[K‚Äô
[1.066s] [01m[K/opt/ros/foxy/include/rclcpp/node.hpp:204:5:[m[K   required by substitution of ‚Äò[01m[Ktemplate<class MessageT, class CallbackT, class AllocatorT, class CallbackMessageT, class SubscriptionT, class MessageMemoryStrategyT> std::shared_ptr<SubscriptionT> rclcpp::Node::create_subscription(const string&, const rclcpp::QoS&, CallbackT&&, const rclcpp::SubscriptionOptionsWithAllocator<AllocatorT>&, typename MessageMemoryStrategyT::SharedPtr) [with MessageT = turtlesim::msg::Pose_<std::allocator<void> >; CallbackT = std::_Bind<void (Turtle::*(Turtle*, std::_Placeholder<1>))() const>; AllocatorT = std::allocator<void>; CallbackMessageT = <missing>; SubscriptionT = <missing>; MessageMemoryStrategyT = <missing>][m[K‚Äô
[1.066s] [01m[K/home/william/√Årea de Trabalho/workspace/src/test/src/turtle.cpp:58:136:[m[K   required from here
[1.066s] [01m[K/usr/include/c++/9/tuple:1303:25:[m[K [01;31m[Kerror: [m[Kstatic assertion failed: tuple index is in range
[1.066s]  1303 |       static_assert([01;31m[K__i < tuple_size<tuple<>>::value[m[K,
[1.066s]       |                     [01;31m[K~~~~^~~~~~~~~~~~~~~~~~~~~~~~~~~~[m[K
[1.066s] In file included from [01m[K/opt/ros/foxy/include/rclcpp/client.hpp:32[m[K,
[1.066s]                  from [01m[K/opt/ros/foxy/include/rclcpp/callback_group.hpp:23[m[K,
[1.066s]                  from [01m[K/opt/ros/foxy/include/rclcpp/any_executable.hpp:20[m[K,
[1.066s]                  from [01m[K/opt/ros/foxy/include/rclcpp/memory_strategy.hpp:24[m[K,
[1.066s]                  from [01m[K/opt/ros/foxy/include/rclcpp/memory_strategies.hpp:18[m[K,
[1.066s]                  from [01m[K/opt/ros/foxy/include/rclcpp/executor_options.hpp:20[m[K,
[1.066s]                  from [01m[K/opt/ros/foxy/include/rclcpp/executor.hpp:33[m[K,
[1.067s]                  from [01m[K/opt/ros/foxy/include/rclcpp/executors/multi_threaded_executor.hpp:26[m[K,
[1.067s]                  from [01m[K/opt/ros/foxy/include/rclcpp/executors.hpp:21[m[K,
[1.067s]                  from [01m[K/opt/ros/foxy/include/rclcpp/rclcpp.hpp:146[m[K,
[1.067s]                  from [01m[K/home/william/√Årea de Trabalho/workspace/src/test/src/turtle.cpp:34[m[K:
[1.067s] /opt/ros/foxy/include/rclcpp/function_traits.hpp: In substitution of ‚Äò[01m[Ktemplate<class ReturnTypeT, class ... Args> template<long unsigned int N> using argument_type = typename std::tuple_element<N, std::tuple<_Elements ...> >::type [with long unsigned int N = 0; ReturnTypeT = void; Args = {}][m[K‚Äô:
[1.067s] [01m[K/opt/ros/foxy/include/rclcpp/subscription_traits.hpp:97:8:[m[K   required from ‚Äò[01m[Kstruct rclcpp::subscription_traits::has_message_type<std::_Bind<void (Turtle::*(Turtle*, std::_Placeholder<1>))() const>, std::allocator<void>, void, void, void, void>[m[K‚Äô
[1.067s] [01m[K/opt/ros/foxy/include/rclcpp/node.hpp:204:5:[m[K   required by substitution of ‚Äò[01m[Ktemplate<class MessageT, class CallbackT, class AllocatorT, class CallbackMessageT, class SubscriptionT, class MessageMemoryStrategyT> std::shared_ptr<SubscriptionT> rclcpp::Node::create_subscription(const string&, const rclcpp::QoS&, CallbackT&&, const rclcpp::SubscriptionOptionsWithAllocator<AllocatorT>&, typename MessageMemoryStrategyT::SharedPtr) [with MessageT = turtlesim::msg::Pose_<std::allocator<void> >; CallbackT = std::_Bind<void (Turtle::*(Turtle*, std::_Placeholder<1>))() const>; AllocatorT = std::allocator<void>; CallbackMessageT = <missing>; SubscriptionT = <missing>; MessageMemoryStrategyT = <missing>][m[K‚Äô
[1.067s] [01m[K/home/william/√Årea de Trabalho/workspace/src/test/src/turtle.cpp:58:136:[m[K   required from here
[1.067s] [01m[K/opt/ros/foxy/include/rclcpp/function_traits.hpp:71:9:[m[K [01;31m[Kerror: [m[Kno type named ‚Äò[01m[Ktype[m[K‚Äô in ‚Äò[01m[Kstruct std::tuple_element<0, std::tuple<> >[m[K‚Äô
[1.067s]    71 |   using [01;31m[Kargument_type[m[K = typename std::tuple_element<N, arguments>::type;
[1.067s]       |         [01;31m[K^~~~~~~~~~~~~[m[K
[1.067s] [01m[K/home/william/√Årea de Trabalho/workspace/src/test/src/turtle.cpp:[m[K In constructor ‚Äò[01m[KTurtle::Turtle()[m[K‚Äô:
[1.067s] [01m[K/home/william/√Årea de Trabalho/workspace/src/test/src/turtle.cpp:58:136:[m[K [01;31m[Kerror: [m[Kno matching function for call to ‚Äò[01m[KTurtle::create_subscription<turtlesim::msg::Pose>(const char [13], int, std::_Bind_helper<false, void (Turtle::*)() const, Turtle*, const std::_Placeholder<1>&>::type)[m[K‚Äô
[1.067s]    58 | turtle1/pose",10, std::bind(&Turtle::topic_callback2,this,_1)[01;31m[K)[m[K;
[1.067s]       |                                                              [01;31m[K^[m[K
[1.067s] 
[1.067s] In file included from [01m[K/opt/ros/foxy/include/rclcpp/node.hpp:1224[m[K,
[1.067s]                  from [01m[K/opt/ros/foxy/include/rclcpp/executors/single_threaded_executor.hpp:28[m[K,
[1.067s]                  from [01m[K/opt/ros/foxy/include/rclcpp/executors.hpp:22[m[K,
[1.067s]                  from [01m[K/opt/ros/foxy/include/rclcpp/rclcpp.hpp:146[m[K,
[1.068s]                  from [01m[K/home/william/√Årea de Trabalho/workspace/src/test/src/turtle.cpp:34[m[K:
[1.068s] [01m[K/opt/ros/foxy/include/rclcpp/node_impl.hpp:91:1:[m[K [01;36m[Knote: [m[Kcandidate: ‚Äò[01m[Ktemplate<class MessageT, class CallbackT, class AllocatorT, class CallbackMessageT, class SubscriptionT, class MessageMemoryStrategyT> std::shared_ptr<SubscriptionT> rclcpp::Node::create_subscription(const string&, const rclcpp::QoS&, CallbackT&&, const rclcpp::SubscriptionOptionsWithAllocator<AllocatorT>&, typename MessageMemoryStrategyT::SharedPtr)[m[K‚Äô
[1.068s]    91 | [01;36m[KNode[m[K::create_subscription(
[1.068s]       | [01;36m[K^~~~[m[K
[1.068s] [01m[K/opt/ros/foxy/include/rclcpp/node_impl.hpp:91:1:[m[K [01;36m[Knote: [m[K  substitution of deduced template arguments resulted in errors seen above
[2.192s] make[2]: *** [CMakeFiles/turtle.dir/build.make:76: CMakeFiles/turtle.dir/src/turtle.cpp.o] Error 1
[2.192s] make[1]: *** [CMakeFiles/Makefile2:141: CMakeFiles/turtle.dir/all] Error 2
[2.192s] make: *** [Makefile:146: all] Error 2
[2.194s] Invoked command in '/home/william/√Årea de Trabalho/workspace/build/test' returned '2': CMAKE_PREFIX_PATH=/home/william/√Årea de Trabalho/workspace/install/test:/home/william/√Årea de Trabalho/workspace/install/my_package:/opt/ros/foxy:/opt/ros/noetic /usr/local/bin/cmake --build /home/william/√Årea de Trabalho/workspace/build/test -- -j6 -l6
