[0.016s] Invoking command in '/home/william/√Årea de Trabalho/workspace/build/test': CMAKE_PREFIX_PATH=/home/william/√Årea de Trabalho/workspace/install/test:/home/william/√Årea de Trabalho/workspace/install/my_package:/opt/ros/foxy:/opt/ros/noetic /usr/local/bin/cmake --build /home/william/√Årea de Trabalho/workspace/build/test -- -j6 -l6
[0.035s] [35m[1mConsolidate compiler generated dependencies of target turtle[0m
[0.036s] [ 33%] Built target publisher
[0.042s] [ 66%] Built target subscriber
[0.043s] [ 83%] [32mBuilding CXX object CMakeFiles/turtle.dir/src/turtle.cpp.o[0m
[1.036s] [01m[K/home/william/√Årea de Trabalho/workspace/src/test/src/turtle.cpp:48:41:[m[K [01;31m[Kerror: [m[K‚Äò[01m[KPose[m[K‚Äô is not a member of ‚Äò[01m[Kturtlesim[m[K‚Äô; did you mean ‚Äò[01m[Kturtlesim::msg::Pose[m[K‚Äô?
[1.036s]    48 |         rclcpp::Subscription<turtlesim::[01;31m[KPose[m[K>::SharedPtr sub_turtle;
[1.036s]       |                                         [01;31m[K^~~~[m[K
[1.036s] In file included from [01m[K/opt/ros/foxy/include/turtlesim/msg/pose.hpp:7[m[K,
[1.036s]                  from [01m[K/home/william/√Årea de Trabalho/workspace/src/test/src/turtle.cpp:36[m[K:
[1.036s] [01m[K/opt/ros/foxy/include/turtlesim/msg/detail/pose__struct.hpp:177:7:[m[K [01;36m[Knote: [m[K‚Äò[01m[Kturtlesim::msg::Pose[m[K‚Äô declared here
[1.036s]   177 | using [01;36m[KPose[m[K =
[1.037s]       |       [01;36m[K^~~~[m[K
[1.037s] [01m[K/home/william/√Årea de Trabalho/workspace/src/test/src/turtle.cpp:48:41:[m[K [01;31m[Kerror: [m[K‚Äò[01m[KPose[m[K‚Äô is not a member of ‚Äò[01m[Kturtlesim[m[K‚Äô; did you mean ‚Äò[01m[Kturtlesim::msg::Pose[m[K‚Äô?
[1.037s]    48 |         rclcpp::Subscription<turtlesim::[01;31m[KPose[m[K>::SharedPtr sub_turtle;
[1.037s]       |                                         [01;31m[K^~~~[m[K
[1.037s] In file included from [01m[K/opt/ros/foxy/include/turtlesim/msg/pose.hpp:7[m[K,
[1.037s]                  from [01m[K/home/william/√Årea de Trabalho/workspace/src/test/src/turtle.cpp:36[m[K:
[1.037s] [01m[K/opt/ros/foxy/include/turtlesim/msg/detail/pose__struct.hpp:177:7:[m[K [01;36m[Knote: [m[K‚Äò[01m[Kturtlesim::msg::Pose[m[K‚Äô declared here
[1.037s]   177 | using [01;36m[KPose[m[K =
[1.037s]       |       [01;36m[K^~~~[m[K
[1.037s] [01m[K/home/william/√Årea de Trabalho/workspace/src/test/src/turtle.cpp:48:45:[m[K [01;31m[Kerror: [m[Ktemplate argument 1 is invalid
[1.037s]    48 |         rclcpp::Subscription<turtlesim::Pose[01;31m[K>[m[K::SharedPtr sub_turtle;
[1.037s]       |                                             [01;31m[K^[m[K
[1.037s] [01m[K/home/william/√Årea de Trabalho/workspace/src/test/src/turtle.cpp:48:45:[m[K [01;31m[Kerror: [m[Ktemplate argument 3 is invalid
[1.037s] [01m[K/home/william/√Årea de Trabalho/workspace/src/test/src/turtle.cpp:48:48:[m[K [01;31m[Kerror: [m[Kexpected ‚Äò[01m[K;[m[K‚Äô at end of member declaration
[1.037s]    48 |         rclcpp::Subscription<turtlesim::Pose>::[01;31m[KSharedPtr[m[K sub_turtle;
[1.037s]       |                                                [01;31m[K^~~~~~~~~[m[K
[1.037s]       |                                                         [32m[K;[m[K
[1.038s] [01m[K/home/william/√Årea de Trabalho/workspace/src/test/src/turtle.cpp:48:58:[m[K [01;31m[Kerror: [m[K‚Äò[01m[Ksub_turtle[m[K‚Äô does not name a type
[1.038s]    48 |         rclcpp::Subscription<turtlesim::Pose>::SharedPtr [01;31m[Ksub_turtle[m[K;
[1.038s]       |                                                          [01;31m[K^~~~~~~~~~[m[K
[1.038s] [01m[K/home/william/√Årea de Trabalho/workspace/src/test/src/turtle.cpp:50:47:[m[K [01;31m[Kerror: [m[K‚Äò[01m[KPose[m[K‚Äô in namespace ‚Äò[01m[Kturtlesim[m[K‚Äô does not name a type
[1.038s]    50 |         void topic_callback2(const turtlesim::[01;31m[KPose[m[K::SharedPtr turtle_pose)const{
[1.038s]       |                                               [01;31m[K^~~~[m[K
[1.038s] [01m[K/home/william/√Årea de Trabalho/workspace/src/test/src/turtle.cpp:50:63:[m[K [01;31m[Kerror: [m[Kexpected unqualified-id before ‚Äò[01m[Kturtle_pose[m[K‚Äô
[1.038s]    50 |        void topic_callback2(const turtlesim::Pose::SharedPtr [01;31m[Kturtle_pose[m[K)const{
[1.038s]       |                                                              [01;31m[K^~~~~~~~~~~[m[K
[1.038s] 
[1.039s] [01m[K/home/william/√Årea de Trabalho/workspace/src/test/src/turtle.cpp:50:62:[m[K [01;31m[Kerror: [m[Kexpected ‚Äò[01m[K)[m[K‚Äô before ‚Äò[01m[Kturtle_pose[m[K‚Äô
[1.039s]    50 |         void topic_callback2[34m[K([m[Kconst turtlesim::Pose::SharedPtr[01;31m[K [m[K[32m[Kturtle_pose[m[K)const{
[1.039s]       |                             [34m[K~[m[K                                [01;31m[K^[m[K[32m[K~~~~~~~~~~~[m[K
[1.039s]       |                                                              [32m[K)[m[K
[1.039s] [01m[K/home/william/√Årea de Trabalho/workspace/src/test/src/turtle.cpp:50:53:[m[K [01;31m[Kerror: [m[Kexpected ‚Äò[01m[K;[m[K‚Äô at end of member declaration
[1.039s]    50 |         void topic_callback2(const turtlesim::Pose::[01;31m[KSharedPtr[m[K turtle_pose)const{
[1.039s]       |                                                     [01;31m[K^~~~~~~~~[m[K
[1.039s]       |                                                              [32m[K;[m[K
[1.039s] [01m[K/home/william/√Årea de Trabalho/workspace/src/test/src/turtle.cpp:50:63:[m[K [01;31m[Kerror: [m[K‚Äò[01m[Kturtle_pose[m[K‚Äô does not name a type
[1.040s]    50 |        void topic_callback2(const turtlesim::Pose::SharedPtr [01;31m[Kturtle_pose[m[K)const{
[1.040s]       |                                                              [01;31m[K^~~~~~~~~~~[m[K
[1.040s] 
[1.052s] [01m[K/home/william/√Årea de Trabalho/workspace/src/test/src/turtle.cpp:[m[K In constructor ‚Äò[01m[KTurtle::Turtle()[m[K‚Äô:
[1.052s] [01m[K/home/william/√Årea de Trabalho/workspace/src/test/src/turtle.cpp:58:13:[m[K [01;31m[Kerror: [m[K‚Äò[01m[Ksub_turtle[m[K‚Äô was not declared in this scope
[1.052s]    58 |             [01;31m[Ksub_turtle[m[K = this->create_subscription<turtlesim:::Pose>("turtle1/pose",10, std::bind(&Turtle::topic_callback2,this,_1));
[1.052s]       |             [01;31m[K^~~~~~~~~~[m[K
[1.052s] [01m[K/home/william/√Årea de Trabalho/workspace/src/test/src/turtle.cpp:58:32:[m[K [01;31m[Kerror: [m[Kparse error in template argument list
[1.052s]    58 |             sub_turtle = this->[01;31m[Kcreate_subscription<turtlesim:::Pose>[m[K("turtle1/pose",10, std::bind(&Turtle::topic_callback2,this,_1));
[1.052s]       |                                [01;31m[K^~~~~~~~~~~~~~~~~~~~~~~~~~~~~~~~~~~~~[m[K
[1.053s] [01m[K/home/william/√Årea de Trabalho/workspace/src/test/src/turtle.cpp:58:132:[m[K [01;31m[Kerror: [m[Kno matching function for call to ‚Äò[01m[KTurtle::create_subscription<<expression error> >(const char [13], int, std::_Bind_helper<false, void (Turtle::*)(...), Turtle*, const std::_Placeholder<1>&>::type)[m[K‚Äô
[1.053s]    58 | turtle1/pose",10, std::bind(&Turtle::topic_callback2,this,_1)[01;31m[K)[m[K;
[1.053s]       |                                                              [01;31m[K^[m[K
[1.053s] 
[1.053s] In file included from [01m[K/opt/ros/foxy/include/rclcpp/node.hpp:1224[m[K,
[1.053s]                  from [01m[K/opt/ros/foxy/include/rclcpp/executors/single_threaded_executor.hpp:28[m[K,
[1.054s]                  from [01m[K/opt/ros/foxy/include/rclcpp/executors.hpp:22[m[K,
[1.054s]                  from [01m[K/opt/ros/foxy/include/rclcpp/rclcpp.hpp:146[m[K,
[1.054s]                  from [01m[K/home/william/√Årea de Trabalho/workspace/src/test/src/turtle.cpp:34[m[K:
[1.054s] [01m[K/opt/ros/foxy/include/rclcpp/node_impl.hpp:91:1:[m[K [01;36m[Knote: [m[Kcandidate: ‚Äò[01m[Ktemplate<class MessageT, class CallbackT, class AllocatorT, class CallbackMessageT, class SubscriptionT, class MessageMemoryStrategyT> std::shared_ptr<SubscriptionT> rclcpp::Node::create_subscription(const string&, const rclcpp::QoS&, CallbackT&&, const rclcpp::SubscriptionOptionsWithAllocator<AllocatorT>&, typename MessageMemoryStrategyT::SharedPtr)[m[K‚Äô
[1.054s]    91 | [01;36m[KNode[m[K::create_subscription(
[1.054s]       | [01;36m[K^~~~[m[K
[1.054s] [01m[K/opt/ros/foxy/include/rclcpp/node_impl.hpp:91:1:[m[K [01;36m[Knote: [m[K  template argument deduction/substitution failed:
[1.054s] [01m[K/home/william/√Årea de Trabalho/workspace/src/test/src/turtle.cpp:58:132:[m[K [01;31m[Kerror: [m[Ktemplate argument 1 is invalid
[1.054s]    58 | turtle1/pose",10, std::bind(&Turtle::topic_callback2,this,_1)[01;31m[K)[m[K;
[1.054s]       |                                                              [01;31m[K^[m[K
[1.054s] 
[2.165s] make[2]: *** [CMakeFiles/turtle.dir/build.make:76: CMakeFiles/turtle.dir/src/turtle.cpp.o] Error 1
[2.165s] make[1]: *** [CMakeFiles/Makefile2:141: CMakeFiles/turtle.dir/all] Error 2
[2.166s] make: *** [Makefile:146: all] Error 2
[2.167s] Invoked command in '/home/william/√Årea de Trabalho/workspace/build/test' returned '2': CMAKE_PREFIX_PATH=/home/william/√Årea de Trabalho/workspace/install/test:/home/william/√Årea de Trabalho/workspace/install/my_package:/opt/ros/foxy:/opt/ros/noetic /usr/local/bin/cmake --build /home/william/√Årea de Trabalho/workspace/build/test -- -j6 -l6
