[01m[K/home/william/Área de Trabalho/workspace/src/test/src/turtle.cpp:[m[K In constructor ‘[01m[KTurtle::Turtle()[m[K’:
[01m[K/home/william/Área de Trabalho/workspace/src/test/src/turtle.cpp:26:13:[m[K [01;31m[Kerror: [m[K‘[01m[Ksubscription[m[K’ was not declared in this scope; did you mean ‘[01m[Ksubscription_[m[K’?
   26 |             [01;31m[Ksubscription[m[K = this->create_subscription<turtlesim::msg::Pose>("turtle1/pose",10, std::bind(&Turtle::topic_callback, this, _1));
      |             [01;31m[K^~~~~~~~~~~~[m[K
      |             [32m[Ksubscription_[m[K
[01m[K/home/william/Área de Trabalho/workspace/src/test/src/turtle.cpp:27:72:[m[K [01;31m[Kerror: [m[K‘[01m[Kpublish[m[K’ is not a member of ‘[01m[KTurtle[m[K’
   27 |             timer_ = this->create_wall_timer(500ms, std::bind(&Turtle::[01;31m[Kpublish[m[K, this));
      |                                                                        [01;31m[K^~~~~~~[m[K
make[2]: *** [CMakeFiles/turtle.dir/build.make:76: CMakeFiles/turtle.dir/src/turtle.cpp.o] Error 1
make[1]: *** [CMakeFiles/Makefile2:141: CMakeFiles/turtle.dir/all] Error 2
make: *** [Makefile:146: all] Error 2
