[01m[K/home/william/Ãrea de Trabalho/workspace/src/test/src/turtle.cpp:[m[K In constructor â€˜[01m[KTurtle::Turtle()[m[Kâ€™:
[01m[K/home/william/Ãrea de Trabalho/workspace/src/test/src/turtle.cpp:26:13:[m[K [01;31m[Kerror: [m[Kâ€˜[01m[Ksubscription[m[Kâ€™ was not declared in this scope; did you mean â€˜[01m[Ksubscription_[m[Kâ€™?
   26 |             [01;31m[Ksubscription[m[K = this->create_subscription<turtlesim::msg::Pose>("turtle1/pose",10, std::bind(&Turtle::topic_callback, this, _1));
      |             [01;31m[K^~~~~~~~~~~~[m[K
      |             [32m[Ksubscription_[m[K
[01m[K/home/william/Ãrea de Trabalho/workspace/src/test/src/turtle.cpp:27:72:[m[K [01;31m[Kerror: [m[Kâ€˜[01m[Kpublish[m[Kâ€™ is not a member of â€˜[01m[KTurtle[m[Kâ€™
   27 |             timer_ = this->create_wall_timer(500ms, std::bind(&Turtle::[01;31m[Kpublish[m[K, this));
      |                                                                        [01;31m[K^~~~~~~[m[K
make[2]: *** [CMakeFiles/turtle.dir/build.make:76: CMakeFiles/turtle.dir/src/turtle.cpp.o] Error 1
make[1]: *** [CMakeFiles/Makefile2:141: CMakeFiles/turtle.dir/all] Error 2
make: *** [Makefile:146: all] Error 2
