[01m[K/home/william/Ãrea de Trabalho/workspace/src/test/src/turtle_move.cpp:[m[K In member function â€˜[01m[Kvoid TurtleMove::publish()[m[Kâ€™:
[01m[K/home/william/Ãrea de Trabalho/workspace/src/test/src/turtle_move.cpp:55:14:[m[K [01;31m[Kerror: [m[Kinvalid conversion from â€˜[01m[Kint[m[Kâ€™ to â€˜[01m[Kvoid*[m[Kâ€™ [[01;31m[K-fpermissive[m[K]
   55 |     if(fread([01;31m[Kkfd[m[K, &c, 1) < 0)
      |              [01;31m[K^~~[m[K
      |              [01;31m[K|[m[K
      |              [01;31m[Kint[m[K
[01m[K/home/william/Ãrea de Trabalho/workspace/src/test/src/turtle_move.cpp:55:19:[m[K [01;31m[Kerror: [m[Kinvalid conversion from â€˜[01m[Kchar*[m[Kâ€™ to â€˜[01m[Ksize_t[m[Kâ€™ {aka â€˜[01m[Klong unsigned int[m[Kâ€™} [[01;31m[K-fpermissive[m[K]
   55 |     if(fread(kfd, [01;31m[K&c[m[K, 1) < 0)
      |                   [01;31m[K^~[m[K
      |                   [01;31m[K|[m[K
      |                   [01;31m[Kchar*[m[K
[01m[K/home/william/Ãrea de Trabalho/workspace/src/test/src/turtle_move.cpp:55:24:[m[K [01;31m[Kerror: [m[Ktoo few arguments to function â€˜[01m[Ksize_t fread(void*, size_t, size_t, FILE*)[m[Kâ€™
   55 |     if(fread(kfd, &c, 1[01;31m[K)[m[K < 0)
      |                        [01;31m[K^[m[K
In file included from [01m[K/usr/include/c++/9/cstdio:42[m[K,
                 from [01m[K/usr/include/c++/9/ext/string_conversions.h:43[m[K,
                 from [01m[K/usr/include/c++/9/bits/basic_string.h:6496[m[K,
                 from [01m[K/usr/include/c++/9/string:55[m[K,
                 from [01m[K/usr/include/c++/9/bits/locale_classes.h:40[m[K,
                 from [01m[K/usr/include/c++/9/bits/ios_base.h:41[m[K,
                 from [01m[K/usr/include/c++/9/ios:42[m[K,
                 from [01m[K/usr/include/c++/9/ostream:38[m[K,
                 from [01m[K/usr/include/c++/9/iostream:39[m[K,
                 from [01m[K/home/william/Ãrea de Trabalho/workspace/src/test/src/turtle_move.cpp:1[m[K:
[01m[K/usr/include/stdio.h:646:15:[m[K [01;36m[Knote: [m[Kdeclared here
  646 | extern size_t [01;36m[Kfread[m[K (void *__restrict __ptr, size_t __size,
      |               [01;36m[K^~~~~[m[K
make[2]: *** [CMakeFiles/turtle_move.dir/build.make:76: CMakeFiles/turtle_move.dir/src/turtle_move.cpp.o] Error 1
make[1]: *** [CMakeFiles/Makefile2:141: CMakeFiles/turtle_move.dir/all] Error 2
make: *** [Makefile:146: all] Error 2
