[0.015s] Invoking command in '/home/william/√Årea de Trabalho/workspace/build/test': CMAKE_PREFIX_PATH=/home/william/√Årea de Trabalho/workspace/install/test:/home/william/√Årea de Trabalho/workspace/install/my_package:/opt/ros/foxy:/opt/ros/noetic /usr/local/bin/cmake --build /home/william/√Årea de Trabalho/workspace/build/test -- -j6 -l6
[0.030s] [35m[1mConsolidate compiler generated dependencies of target turtle_move[0m
[0.034s] [ 33%] Built target publisher
[0.039s] [ 50%] [32mBuilding CXX object CMakeFiles/turtle_move.dir/src/turtle_move.cpp.o[0m
[0.041s] [ 83%] Built target subscriber
[1.042s] [01m[K/home/william/√Årea de Trabalho/workspace/src/test/src/turtle_move.cpp:[m[K In member function ‚Äò[01m[Kvoid TurtleMove::publish()[m[K‚Äô:
[1.042s] [01m[K/home/william/√Årea de Trabalho/workspace/src/test/src/turtle_move.cpp:55:14:[m[K [01;31m[Kerror: [m[Kinvalid conversion from ‚Äò[01m[Kint[m[K‚Äô to ‚Äò[01m[Kvoid*[m[K‚Äô [[01;31m[K-fpermissive[m[K]
[1.042s]    55 |     if(fread([01;31m[Kkfd[m[K, &c, 1) < 0)
[1.042s]       |              [01;31m[K^~~[m[K
[1.042s]       |              [01;31m[K|[m[K
[1.042s]       |              [01;31m[Kint[m[K
[1.043s] [01m[K/home/william/√Årea de Trabalho/workspace/src/test/src/turtle_move.cpp:55:19:[m[K [01;31m[Kerror: [m[Kinvalid conversion from ‚Äò[01m[Kchar*[m[K‚Äô to ‚Äò[01m[Ksize_t[m[K‚Äô {aka ‚Äò[01m[Klong unsigned int[m[K‚Äô} [[01;31m[K-fpermissive[m[K]
[1.043s]    55 |     if(fread(kfd, [01;31m[K&c[m[K, 1) < 0)
[1.043s]       |                   [01;31m[K^~[m[K
[1.043s]       |                   [01;31m[K|[m[K
[1.043s]       |                   [01;31m[Kchar*[m[K
[1.043s] [01m[K/home/william/√Årea de Trabalho/workspace/src/test/src/turtle_move.cpp:55:24:[m[K [01;31m[Kerror: [m[Ktoo few arguments to function ‚Äò[01m[Ksize_t fread(void*, size_t, size_t, FILE*)[m[K‚Äô
[1.043s]    55 |     if(fread(kfd, &c, 1[01;31m[K)[m[K < 0)
[1.043s]       |                        [01;31m[K^[m[K
[1.043s] In file included from [01m[K/usr/include/c++/9/cstdio:42[m[K,
[1.043s]                  from [01m[K/usr/include/c++/9/ext/string_conversions.h:43[m[K,
[1.043s]                  from [01m[K/usr/include/c++/9/bits/basic_string.h:6496[m[K,
[1.043s]                  from [01m[K/usr/include/c++/9/string:55[m[K,
[1.043s]                  from [01m[K/usr/include/c++/9/bits/locale_classes.h:40[m[K,
[1.043s]                  from [01m[K/usr/include/c++/9/bits/ios_base.h:41[m[K,
[1.043s]                  from [01m[K/usr/include/c++/9/ios:42[m[K,
[1.043s]                  from [01m[K/usr/include/c++/9/ostream:38[m[K,
[1.043s]                  from [01m[K/usr/include/c++/9/iostream:39[m[K,
[1.043s]                  from [01m[K/home/william/√Årea de Trabalho/workspace/src/test/src/turtle_move.cpp:1[m[K:
[1.043s] [01m[K/usr/include/stdio.h:646:15:[m[K [01;36m[Knote: [m[Kdeclared here
[1.043s]   646 | extern size_t [01;36m[Kfread[m[K (void *__restrict __ptr, size_t __size,
[1.043s]       |               [01;36m[K^~~~~[m[K
[1.718s] make[2]: *** [CMakeFiles/turtle_move.dir/build.make:76: CMakeFiles/turtle_move.dir/src/turtle_move.cpp.o] Error 1
[1.718s] make[1]: *** [CMakeFiles/Makefile2:141: CMakeFiles/turtle_move.dir/all] Error 2
[1.718s] make: *** [Makefile:146: all] Error 2
[1.719s] Invoked command in '/home/william/√Årea de Trabalho/workspace/build/test' returned '2': CMAKE_PREFIX_PATH=/home/william/√Årea de Trabalho/workspace/install/test:/home/william/√Årea de Trabalho/workspace/install/my_package:/opt/ros/foxy:/opt/ros/noetic /usr/local/bin/cmake --build /home/william/√Årea de Trabalho/workspace/build/test -- -j6 -l6
