[35m[1mConsolidate compiler generated dependencies of target turtle_move[0m
[ 33%] Built target publisher
[ 50%] [32mBuilding CXX object CMakeFiles/turtle_move.dir/src/turtle_move.cpp.o[0m
[ 83%] Built target subscriber
[01m[K/home/william/√Årea de Trabalho/workspace/src/test/src/turtle_move.cpp:20:23:[m[K [01;31m[Kerror: [m[K‚Äò[01m[Ktermios raw[m[K‚Äô redeclared as different kind of entity
   20 | struct termios cooked,[01;31m[Kraw[m[K;
      |                       [01;31m[K^~~[m[K
In file included from [01m[K/home/william/√Årea de Trabalho/workspace/src/test/src/turtle_move.cpp:8[m[K:
[01m[K/usr/include/curses.h:771:28:[m[K [01;36m[Knote: [m[Kprevious declaration ‚Äò[01m[Kint raw()[m[K‚Äô
  771 | extern NCURSES_EXPORT(int) [01;36m[Kraw[m[K (void);     /* implemented */
      |                            [01;36m[K^~~[m[K
[01m[K/home/william/√Årea de Trabalho/workspace/src/test/src/turtle_move.cpp:[m[K In constructor ‚Äò[01m[KTurtleMove::TurtleMove()[m[K‚Äô:
[01m[K/home/william/√Årea de Trabalho/workspace/src/test/src/turtle_move.cpp:37:19:[m[K [01;31m[Kerror: [m[Kinvalid conversion from ‚Äò[01m[Kint (*)()[m[K‚Äô to ‚Äò[01m[Kvoid*[m[K‚Äô [[01;31m[K-fpermissive[m[K]
   37 |            memcpy([01;31m[K&raw[m[K, &cooked, sizeof(struct termios));
      |                   [01;31m[K^~~~[m[K
      |                   [01;31m[K|[m[K
      |                   [01;31m[Kint (*)()[m[K
In file included from [01m[K/opt/ros/foxy/include/rcutils/error_handling.h:34[m[K,
                 from [01m[K/opt/ros/foxy/include/rcutils/logging.h:23[m[K,
                 from [01m[K/opt/ros/foxy/include/rmw/types.h:28[m[K,
                 from [01m[K/opt/ros/foxy/include/rcl/types.h:18[m[K,
                 from [01m[K/opt/ros/foxy/include/rcl/arguments.h:20[m[K,
                 from [01m[K/opt/ros/foxy/include/rcl/context.h:26[m[K,
                 from [01m[K/opt/ros/foxy/include/rcl/guard_condition.h:24[m[K,
                 from [01m[K/opt/ros/foxy/include/rclcpp/executor.hpp:29[m[K,
                 from [01m[K/opt/ros/foxy/include/rclcpp/executors/multi_threaded_executor.hpp:26[m[K,
                 from [01m[K/opt/ros/foxy/include/rclcpp/executors.hpp:21[m[K,
                 from [01m[K/opt/ros/foxy/include/rclcpp/rclcpp.hpp:146[m[K,
                 from [01m[K/home/william/√Årea de Trabalho/workspace/src/test/src/turtle_move.cpp:4[m[K:
[01m[K/usr/include/string.h:43:39:[m[K [01;36m[Knote: [m[K  initializing argument 1 of ‚Äò[01m[Kvoid* memcpy(void*, const void*, size_t)[m[K‚Äô
   43 | extern void *memcpy ([01;36m[Kvoid *__restrict __dest[m[K, const void *__restrict __src,
      |                      [01;36m[K~~~~~~~~~~~~~~~~~^~~~~~[m[K
[01m[K/home/william/√Årea de Trabalho/workspace/src/test/src/turtle_move.cpp:38:16:[m[K [01;31m[Kerror: [m[Krequest for member ‚Äò[01m[Kc_lflag[m[K‚Äô in ‚Äò[01m[Kraw[m[K‚Äô, which is of non-class type ‚Äò[01m[Kint()[m[K‚Äô
   38 |            raw.[01;31m[Kc_lflag[m[K &=~ (ICANON | ECHO);
      |                [01;31m[K^~~~~~~[m[K
[01m[K/home/william/√Årea de Trabalho/workspace/src/test/src/turtle_move.cpp:40:17:[m[K [01;31m[Kerror: [m[Krequest for member ‚Äò[01m[Kc_cc[m[K‚Äô in ‚Äò[01m[Kraw[m[K‚Äô, which is of non-class type ‚Äò[01m[Kint()[m[K‚Äô
   40 |             raw.[01;31m[Kc_cc[m[K[VEOL] = 1;
      |                 [01;31m[K^~~~[m[K
[01m[K/home/william/√Årea de Trabalho/workspace/src/test/src/turtle_move.cpp:41:17:[m[K [01;31m[Kerror: [m[Krequest for member ‚Äò[01m[Kc_cc[m[K‚Äô in ‚Äò[01m[Kraw[m[K‚Äô, which is of non-class type ‚Äò[01m[Kint()[m[K‚Äô
   41 |             raw.[01;31m[Kc_cc[m[K[VEOF] = 2;
      |                 [01;31m[K^~~~[m[K
[01m[K/home/william/√Årea de Trabalho/workspace/src/test/src/turtle_move.cpp:42:37:[m[K [01;31m[Kerror: [m[Kcannot convert ‚Äò[01m[Kint (*)()[m[K‚Äô to ‚Äò[01m[Kconst termios*[m[K‚Äô
   42 |             tcsetattr(kfd, TCSANOW, [01;31m[K&raw[m[K);
      |                                     [01;31m[K^~~~[m[K
      |                                     [01;31m[K|[m[K
      |                                     [01;31m[Kint (*)()[m[K
In file included from [01m[K/home/william/√Årea de Trabalho/workspace/src/test/src/turtle_move.cpp:7[m[K:
[01m[K/usr/include/termios.h:71:31:[m[K [01;36m[Knote: [m[K  initializing argument 3 of ‚Äò[01m[Kint tcsetattr(int, int, const termios*)[m[K‚Äô
   71 |         [01;36m[Kconst struct termios *__termios_p[m[K) __THROW;
      |         [01;36m[K~~~~~~~~~~~~~~~~~~~~~~^~~~~~~~~~~[m[K
[01m[K/home/william/√Årea de Trabalho/workspace/src/test/src/turtle_move.cpp:[m[K In member function ‚Äò[01m[Kvoid TurtleMove::publish()[m[K‚Äô:
[01m[K/home/william/√Årea de Trabalho/workspace/src/test/src/turtle_move.cpp:55:8:[m[K [01;31m[Kerror: [m[K‚Äò[01m[Kread[m[K‚Äô was not declared in this scope; did you mean ‚Äò[01m[Kfread[m[K‚Äô?
   55 |     if([01;31m[Kread[m[K(kfd, &c, 1) < 0)
      |        [01;31m[K^~~~[m[K
      |        [32m[Kfread[m[K
make[2]: *** [CMakeFiles/turtle_move.dir/build.make:76: CMakeFiles/turtle_move.dir/src/turtle_move.cpp.o] Error 1
make[1]: *** [CMakeFiles/Makefile2:141: CMakeFiles/turtle_move.dir/all] Error 2
make: *** [Makefile:146: all] Error 2
