[35m[1mConsolidate compiler generated dependencies of target turtle[0m
[ 33%] Built target publisher
[ 66%] Built target subscriber
[ 83%] [32mBuilding CXX object CMakeFiles/turtle.dir/src/turtle.cpp.o[0m
[01m[K/home/william/√Årea de Trabalho/workspace/src/test/src/turtle.cpp:42:46:[m[K [01;31m[Kerror: [m[K‚Äò[01m[Kpose[m[K‚Äô is not a member of ‚Äò[01m[Kturtlesim::msg[m[K‚Äô; did you mean ‚Äò[01m[KPose[m[K‚Äô?
   42 |         rclcpp::Subscription<turtlesim::msg::[01;31m[Kpose[m[K>::SharedPtr subscription;
      |                                              [01;31m[K^~~~[m[K
      |                                              [32m[KPose[m[K
[01m[K/home/william/√Årea de Trabalho/workspace/src/test/src/turtle.cpp:42:46:[m[K [01;31m[Kerror: [m[K‚Äò[01m[Kpose[m[K‚Äô is not a member of ‚Äò[01m[Kturtlesim::msg[m[K‚Äô; did you mean ‚Äò[01m[KPose[m[K‚Äô?
   42 |         rclcpp::Subscription<turtlesim::msg::[01;31m[Kpose[m[K>::SharedPtr subscription;
      |                                              [01;31m[K^~~~[m[K
      |                                              [32m[KPose[m[K
[01m[K/home/william/√Årea de Trabalho/workspace/src/test/src/turtle.cpp:42:50:[m[K [01;31m[Kerror: [m[Ktemplate argument 1 is invalid
   42 |         rclcpp::Subscription<turtlesim::msg::pose[01;31m[K>[m[K::SharedPtr subscription;
      |                                                  [01;31m[K^[m[K
[01m[K/home/william/√Årea de Trabalho/workspace/src/test/src/turtle.cpp:42:50:[m[K [01;31m[Kerror: [m[Ktemplate argument 3 is invalid
[01m[K/home/william/√Årea de Trabalho/workspace/src/test/src/turtle.cpp:42:53:[m[K [01;31m[Kerror: [m[Kexpected ‚Äò[01m[K;[m[K‚Äô at end of member declaration
   42 |         rclcpp::Subscription<turtlesim::msg::pose>::[01;31m[KSharedPtr[m[K subscription;
      |                                                     [01;31m[K^~~~~~~~~[m[K
      |                                                              [32m[K;[m[K
[01m[K/home/william/√Årea de Trabalho/workspace/src/test/src/turtle.cpp:42:63:[m[K [01;31m[Kerror: [m[K‚Äò[01m[Ksubscription[m[K‚Äô does not name a type; did you mean ‚Äò[01m[Krcl_subscription_t[m[K‚Äô?
   42 |         rclcpp::Subscription<turtlesim::msg::pose>::SharedPtr [01;31m[Ksubscription[m[K;
      |                                                               [01;31m[K^~~~~~~~~~~~[m[K
      |                                                               [32m[Krcl_subscription_t[m[K
[01m[K/home/william/√Årea de Trabalho/workspace/src/test/src/turtle.cpp:[m[K In constructor ‚Äò[01m[KTurtle::Turtle()[m[K‚Äô:
[01m[K/home/william/√Årea de Trabalho/workspace/src/test/src/turtle.cpp:51:13:[m[K [01;31m[Kerror: [m[K‚Äò[01m[Ksubscription[m[K‚Äô was not declared in this scope; did you mean ‚Äò[01m[Krcl_subscription_t[m[K‚Äô?
   51 |             [01;31m[Ksubscription[m[K = this->create_subscription<std_msgs::msg::String>("turtle1/pose",10, std::bind(&Turtle::topic_callback, this, _1));
      |             [01;31m[K^~~~~~~~~~~~[m[K
      |             [32m[Krcl_subscription_t[m[K
make[2]: *** [CMakeFiles/turtle.dir/build.make:76: CMakeFiles/turtle.dir/src/turtle.cpp.o] Error 1
make[1]: *** [CMakeFiles/Makefile2:141: CMakeFiles/turtle.dir/all] Error 2
make: *** [Makefile:146: all] Error 2
