[ 33%] Built target publisher
[ 66%] Built target subscriber
[35m[1mConsolidate compiler generated dependencies of target turtle_move[0m
[ 83%] [32mBuilding CXX object CMakeFiles/turtle_move.dir/src/turtle_move.cpp.o[0m
[01m[K/home/william/Ãrea de Trabalho/workspace/src/test/src/turtle_move.cpp:[m[K In member function â€˜[01m[Kvoid TurtleMove::publish()[m[Kâ€™:
[01m[K/home/william/Ãrea de Trabalho/workspace/src/test/src/turtle_move.cpp:51:21:[m[K [01;31m[Kerror: [m[Kâ€˜[01m[Kread[m[Kâ€™ is not a member of â€˜[01m[Ktermios[m[Kâ€™
   51 |         if(termios::[01;31m[Kread[m[K(kfd, &c, 1) < 0)
      |                     [01;31m[K^~~~[m[K
make[2]: *** [CMakeFiles/turtle_move.dir/build.make:76: CMakeFiles/turtle_move.dir/src/turtle_move.cpp.o] Error 1
make[1]: *** [CMakeFiles/Makefile2:141: CMakeFiles/turtle_move.dir/all] Error 2
make: *** [Makefile:146: all] Error 2
