[0.016s] Invoking command in '/home/william/√Årea de Trabalho/workspace/build/test': CMAKE_PREFIX_PATH=/opt/ros/foxy:${CMAKE_PREFIX_PATH} /usr/local/bin/cmake --build /home/william/√Årea de Trabalho/workspace/build/test -- -j6 -l6
[0.043s] [ 33%] Built target publisher
[0.043s] [ 66%] Built target subscriber
[0.046s] [35m[1mConsolidate compiler generated dependencies of target turtle_move[0m
[0.053s] [ 83%] [32mBuilding CXX object CMakeFiles/turtle_move.dir/src/turtle_move.cpp.o[0m
[1.038s] [01m[K/home/william/√Årea de Trabalho/workspace/src/test/src/turtle_move.cpp:[m[K In member function ‚Äò[01m[Kvoid TurtleMove::publish()[m[K‚Äô:
[1.038s] [01m[K/home/william/√Årea de Trabalho/workspace/src/test/src/turtle_move.cpp:51:21:[m[K [01;31m[Kerror: [m[K‚Äò[01m[Kread[m[K‚Äô is not a member of ‚Äò[01m[Ktermios[m[K‚Äô
[1.038s]    51 |         if(termios::[01;31m[Kread[m[K(kfd, &c, 1) < 0)
[1.038s]       |                     [01;31m[K^~~~[m[K
[1.702s] make[2]: *** [CMakeFiles/turtle_move.dir/build.make:76: CMakeFiles/turtle_move.dir/src/turtle_move.cpp.o] Error 1
[1.702s] make[1]: *** [CMakeFiles/Makefile2:141: CMakeFiles/turtle_move.dir/all] Error 2
[1.703s] make: *** [Makefile:146: all] Error 2
[1.704s] Invoked command in '/home/william/√Årea de Trabalho/workspace/build/test' returned '2': CMAKE_PREFIX_PATH=/opt/ros/foxy:${CMAKE_PREFIX_PATH} /usr/local/bin/cmake --build /home/william/√Årea de Trabalho/workspace/build/test -- -j6 -l6
