[35m[1mConsolidate compiler generated dependencies of target turtle_move[0m
[ 33%] Built target publisher
[ 50%] [32mBuilding CXX object CMakeFiles/turtle_move.dir/src/turtle_move.cpp.o[0m
[ 83%] Built target subscriber
[01m[K/home/william/Ãrea de Trabalho/workspace/src/test/src/turtle_move.cpp:[m[K In member function â€˜[01m[Kvoid TurtleMove::publish()[m[Kâ€™:
[01m[K/home/william/Ãrea de Trabalho/workspace/src/test/src/turtle_move.cpp:25:14:[m[K [01;31m[Kerror: [m[Kbase operand of â€˜[01m[K->[m[Kâ€™ has non-pointer type â€˜[01m[Kgeometry_msgs::msg::Twist[m[Kâ€™ {aka â€˜[01m[Kgeometry_msgs::msg::Twist_<std::allocator<void> >[m[Kâ€™}
   25 |           msg[01;31m[K->[m[Klinear.x = 1;
      |              [01;31m[K^~[m[K
make[2]: *** [CMakeFiles/turtle_move.dir/build.make:76: CMakeFiles/turtle_move.dir/src/turtle_move.cpp.o] Error 1
make[1]: *** [CMakeFiles/Makefile2:141: CMakeFiles/turtle_move.dir/all] Error 2
make: *** [Makefile:146: all] Error 2
