[0.016s] Invoking command in '/home/william/√Årea de Trabalho/workspace/build/test': CMAKE_PREFIX_PATH=/opt/ros/foxy:${CMAKE_PREFIX_PATH} /usr/local/bin/cmake --build /home/william/√Årea de Trabalho/workspace/build/test -- -j6 -l6
[0.037s] [35m[1mConsolidate compiler generated dependencies of target turtle[0m
[0.037s] [ 33%] Built target publisher
[0.050s] [ 66%] Built target subscriber
[0.051s] [ 83%] [32mBuilding CXX object CMakeFiles/turtle.dir/src/turtle.cpp.o[0m
[1.076s] In file included from [01m[K/opt/ros/foxy/include/rclcpp/client.hpp:40[m[K,
[1.076s]                  from [01m[K/opt/ros/foxy/include/rclcpp/callback_group.hpp:23[m[K,
[1.076s]                  from [01m[K/opt/ros/foxy/include/rclcpp/any_executable.hpp:20[m[K,
[1.076s]                  from [01m[K/opt/ros/foxy/include/rclcpp/memory_strategy.hpp:24[m[K,
[1.076s]                  from [01m[K/opt/ros/foxy/include/rclcpp/memory_strategies.hpp:18[m[K,
[1.076s]                  from [01m[K/opt/ros/foxy/include/rclcpp/executor_options.hpp:20[m[K,
[1.076s]                  from [01m[K/opt/ros/foxy/include/rclcpp/executor.hpp:33[m[K,
[1.076s]                  from [01m[K/opt/ros/foxy/include/rclcpp/executors/multi_threaded_executor.hpp:26[m[K,
[1.076s]                  from [01m[K/opt/ros/foxy/include/rclcpp/executors.hpp:21[m[K,
[1.076s]                  from [01m[K/opt/ros/foxy/include/rclcpp/rclcpp.hpp:146[m[K,
[1.076s]                  from [01m[K/home/william/√Årea de Trabalho/workspace/src/test/src/turtle.cpp:34[m[K:
[1.076s] [01m[K/home/william/√Årea de Trabalho/workspace/src/test/src/turtle.cpp:[m[K In member function ‚Äò[01m[Kvoid Turtle::topic_callback(turtlesim::msg::Pose_<std::allocator<void> >::SharedPtr) const[m[K‚Äô:
[1.076s] [01m[K/home/william/√Årea de Trabalho/workspace/src/test/src/turtle.cpp:45:63:[m[K [01;31m[Kerror: [m[K‚Äò[01m[Kusing element_type = struct turtlesim::msg::Pose_<std::allocator<void> >[m[K‚Äô {aka ‚Äò[01m[Kstruct turtlesim::msg::Pose_<std::allocator<void> >[m[K‚Äô} has no member named ‚Äò[01m[Kdata[m[K‚Äô
[1.076s]    45 |         RCLCPP_INFO(this->get_logger(), "I heard: '%f'", msg->[01;31m[Kdata[m[K.c_str());
[1.077s]       |                                                               [01;31m[K^~~~[m[K
[2.201s] make[2]: *** [CMakeFiles/turtle.dir/build.make:76: CMakeFiles/turtle.dir/src/turtle.cpp.o] Error 1
[2.201s] make[1]: *** [CMakeFiles/Makefile2:141: CMakeFiles/turtle.dir/all] Error 2
[2.202s] make: *** [Makefile:146: all] Error 2
[2.203s] Invoked command in '/home/william/√Årea de Trabalho/workspace/build/test' returned '2': CMAKE_PREFIX_PATH=/opt/ros/foxy:${CMAKE_PREFIX_PATH} /usr/local/bin/cmake --build /home/william/√Årea de Trabalho/workspace/build/test -- -j6 -l6
