[0.014s] Invoking command in '/home/william/√Årea de Trabalho/workspace/build/test': CMAKE_PREFIX_PATH=/opt/ros/foxy:${CMAKE_PREFIX_PATH} /usr/local/bin/cmake --build /home/william/√Årea de Trabalho/workspace/build/test -- -j6 -l6
[0.031s] [35m[1mConsolidate compiler generated dependencies of target turtle[0m
[0.036s] [ 33%] Built target publisher
[0.043s] [ 66%] Built target subscriber
[0.044s] [ 83%] [32mBuilding CXX object CMakeFiles/turtle.dir/src/turtle.cpp.o[0m
[1.024s] [01m[K/home/william/√Årea de Trabalho/workspace/src/test/src/turtle.cpp:[m[K In constructor ‚Äò[01m[KTurtle::Turtle()[m[K‚Äô:
[1.024s] [01m[K/home/william/√Årea de Trabalho/workspace/src/test/src/turtle.cpp:26:13:[m[K [01;31m[Kerror: [m[K‚Äò[01m[Ksubscription[m[K‚Äô was not declared in this scope; did you mean ‚Äò[01m[Ksubscription_[m[K‚Äô?
[1.025s]    26 |             [01;31m[Ksubscription[m[K = this->create_subscription<turtlesim::msg::Pose>("turtle1/pose",10, std::bind(&Turtle:topic_callback, this, _1));
[1.025s]       |             [01;31m[K^~~~~~~~~~~~[m[K
[1.025s]       |             [32m[Ksubscription_[m[K
[1.025s] [01m[K/home/william/√Årea de Trabalho/workspace/src/test/src/turtle.cpp:26:112:[m[K [01;31m[Kerror: [m[Kfound ‚Äò[01m[K:[m[K‚Äô in nested-name-specifier, expected ‚Äò[01m[K::[m[K‚Äô
[1.025s]    26 |             subscription = this->create_subscription<turtlesim::msg::Pose>("turtle1/pose",10, std::bind(&Turtle[01;31m[K:[m[Ktopic_callback, this, _1));
[1.025s]       |                                                                                                                [01;31m[K^[m[K
[1.025s]       |                                                                                                                [32m[K::[m[K
[1.032s] [01m[K/home/william/√Årea de Trabalho/workspace/src/test/src/turtle.cpp:27:72:[m[K [01;31m[Kerror: [m[K‚Äò[01m[Kpublish[m[K‚Äô is not a member of ‚Äò[01m[KTurtle[m[K‚Äô
[1.032s]    27 |             timer_ = this->create_wall_timer(500ms, std::bind(&Turtle::[01;31m[Kpublish[m[K, this));
[1.032s]       |                                                                        [01;31m[K^~~~~~~[m[K
[2.111s] make[2]: *** [CMakeFiles/turtle.dir/build.make:76: CMakeFiles/turtle.dir/src/turtle.cpp.o] Error 1
[2.111s] make[1]: *** [CMakeFiles/Makefile2:141: CMakeFiles/turtle.dir/all] Error 2
[2.111s] make: *** [Makefile:146: all] Error 2
[2.112s] Invoked command in '/home/william/√Årea de Trabalho/workspace/build/test' returned '2': CMAKE_PREFIX_PATH=/opt/ros/foxy:${CMAKE_PREFIX_PATH} /usr/local/bin/cmake --build /home/william/√Årea de Trabalho/workspace/build/test -- -j6 -l6
